This file contains any messages produced by compilers while
running configure, to aid debugging if configure makes a mistake.

It was created by google-perftools configure 0.91, which was
generated by GNU Autoconf 2.59.  Invocation command line was

  $ ./configure 

## --------- ##
## Platform. ##
## --------- ##

hostname = stingray.cs.umass.edu
uname -m = i686
uname -r = 2.6.9-42.0.3.ELsmp
uname -s = Linux
uname -v = #1 SMP Fri Oct 6 06:21:39 CDT 2006

/usr/bin/uname -p = unknown
/bin/uname -X     = unknown

/bin/arch              = i686
/usr/bin/arch -k       = unknown
/usr/convex/getsysinfo = unknown
hostinfo               = unknown
/bin/machine           = unknown
/usr/bin/oslevel       = unknown
/bin/universe          = unknown

PATH: /nfs/sting/users2/emery/projects/clones/benchmarks/local/bin
PATH: /opt/ant/bin
PATH: /opt/java/bin
PATH: /usr/kerberos/bin
PATH: /usr/local/bin
PATH: /bin
PATH: /usr/bin
PATH: /usr/X11R6/bin


## ----------- ##
## Core tests. ##
## ----------- ##

configure:1556: checking for a BSD-compatible install
configure:1611: result: /usr/bin/install -c
configure:1622: checking whether build environment is sane
configure:1665: result: yes
configure:1730: checking for gawk
configure:1746: found /bin/gawk
configure:1756: result: gawk
configure:1766: checking whether make sets $(MAKE)
configure:1786: result: yes
configure:2004: checking for gcc
configure:2020: found /usr/local/bin/gcc
configure:2030: result: gcc
configure:2274: checking for C compiler version
configure:2277: gcc --version </dev/null >&5
gcc (GCC) 4.0.2
Copyright (C) 2005 Free Software Foundation, Inc.
This is free software; see the source for copying conditions.  There is NO
warranty; not even for MERCHANTABILITY or FITNESS FOR A PARTICULAR PURPOSE.

configure:2280: $? = 0
configure:2282: gcc -v </dev/null >&5
Using built-in specs.
Target: i686-pc-linux-gnu
Configured with: ../gcc-4.0.2/configure 
Thread model: posix
gcc version 4.0.2
configure:2285: $? = 0
configure:2287: gcc -V </dev/null >&5
gcc: '-V' option must have argument
configure:2290: $? = 1
configure:2313: checking for C compiler default output file name
configure:2316: gcc    conftest.c  >&5
configure:2319: $? = 0
configure:2365: result: a.out
configure:2370: checking whether the C compiler works
configure:2376: ./a.out
configure:2379: $? = 0
configure:2396: result: yes
configure:2403: checking whether we are cross compiling
configure:2405: result: no
configure:2408: checking for suffix of executables
configure:2410: gcc -o conftest    conftest.c  >&5
configure:2413: $? = 0
configure:2438: result: 
configure:2444: checking for suffix of object files
configure:2465: gcc -c   conftest.c >&5
configure:2468: $? = 0
configure:2490: result: o
configure:2494: checking whether we are using the GNU C compiler
configure:2518: gcc -c   conftest.c >&5
configure:2524: $? = 0
configure:2527: test -z 			 || test ! -s conftest.err
configure:2530: $? = 0
configure:2533: test -s conftest.o
configure:2536: $? = 0
configure:2549: result: yes
configure:2555: checking whether gcc accepts -g
configure:2576: gcc -c -g  conftest.c >&5
configure:2582: $? = 0
configure:2585: test -z 			 || test ! -s conftest.err
configure:2588: $? = 0
configure:2591: test -s conftest.o
configure:2594: $? = 0
configure:2605: result: yes
configure:2622: checking for gcc option to accept ANSI C
configure:2692: gcc  -c -g -O2  conftest.c >&5
configure:2698: $? = 0
configure:2701: test -z 			 || test ! -s conftest.err
configure:2704: $? = 0
configure:2707: test -s conftest.o
configure:2710: $? = 0
configure:2728: result: none needed
configure:2746: gcc -c -g -O2  conftest.c >&5
conftest.c:2: error: syntax error before 'me'
configure:2752: $? = 1
configure: failed program was:
| #ifndef __cplusplus
|   choke me
| #endif
configure:2893: checking for style of include used by make
configure:2921: result: GNU
configure:2949: checking dependency style of gcc
configure:3039: result: gcc3
configure:3061: checking how to run the C preprocessor
configure:3096: gcc -E  conftest.c
configure:3102: $? = 0
configure:3134: gcc -E  conftest.c
conftest.c:11:28: error: ac_nonexistent.h: No such file or directory
configure:3140: $? = 1
configure: failed program was:
| /* confdefs.h.  */
| 
| #define PACKAGE_NAME "google-perftools"
| #define PACKAGE_TARNAME "google-perftools"
| #define PACKAGE_VERSION "0.91"
| #define PACKAGE_STRING "google-perftools 0.91"
| #define PACKAGE_BUGREPORT "opensource@google.com"
| #define PACKAGE "google-perftools"
| #define VERSION "0.91"
| /* end confdefs.h.  */
| #include <ac_nonexistent.h>
configure:3179: result: gcc -E
configure:3203: gcc -E  conftest.c
configure:3209: $? = 0
configure:3241: gcc -E  conftest.c
conftest.c:11:28: error: ac_nonexistent.h: No such file or directory
configure:3247: $? = 1
configure: failed program was:
| /* confdefs.h.  */
| 
| #define PACKAGE_NAME "google-perftools"
| #define PACKAGE_TARNAME "google-perftools"
| #define PACKAGE_VERSION "0.91"
| #define PACKAGE_STRING "google-perftools 0.91"
| #define PACKAGE_BUGREPORT "opensource@google.com"
| #define PACKAGE "google-perftools"
| #define VERSION "0.91"
| /* end confdefs.h.  */
| #include <ac_nonexistent.h>
configure:3342: checking for g++
configure:3358: found /usr/local/bin/g++
configure:3368: result: g++
configure:3384: checking for C++ compiler version
configure:3387: g++ --version </dev/null >&5
g++ (GCC) 4.0.2
Copyright (C) 2005 Free Software Foundation, Inc.
This is free software; see the source for copying conditions.  There is NO
warranty; not even for MERCHANTABILITY or FITNESS FOR A PARTICULAR PURPOSE.

configure:3390: $? = 0
configure:3392: g++ -v </dev/null >&5
Using built-in specs.
Target: i686-pc-linux-gnu
Configured with: ../gcc-4.0.2/configure 
Thread model: posix
gcc version 4.0.2
configure:3395: $? = 0
configure:3397: g++ -V </dev/null >&5
g++: '-V' option must have argument
configure:3400: $? = 1
configure:3403: checking whether we are using the GNU C++ compiler
configure:3427: g++ -c   conftest.cc >&5
configure:3433: $? = 0
configure:3436: test -z 			 || test ! -s conftest.err
configure:3439: $? = 0
configure:3442: test -s conftest.o
configure:3445: $? = 0
configure:3458: result: yes
configure:3464: checking whether g++ accepts -g
configure:3485: g++ -c -g  conftest.cc >&5
configure:3491: $? = 0
configure:3494: test -z 			 || test ! -s conftest.err
configure:3497: $? = 0
configure:3500: test -s conftest.o
configure:3503: $? = 0
configure:3514: result: yes
configure:3556: g++ -c -g -O2  conftest.cc >&5
configure:3562: $? = 0
configure:3565: test -z 			 || test ! -s conftest.err
configure:3568: $? = 0
configure:3571: test -s conftest.o
configure:3574: $? = 0
configure:3600: g++ -c -g -O2  conftest.cc >&5
conftest.cc: In function 'int main()':
conftest.cc:15: error: 'exit' was not declared in this scope
configure:3606: $? = 1
configure: failed program was:
| /* confdefs.h.  */
| 
| #define PACKAGE_NAME "google-perftools"
| #define PACKAGE_TARNAME "google-perftools"
| #define PACKAGE_VERSION "0.91"
| #define PACKAGE_STRING "google-perftools 0.91"
| #define PACKAGE_BUGREPORT "opensource@google.com"
| #define PACKAGE "google-perftools"
| #define VERSION "0.91"
| /* end confdefs.h.  */
| 
| int
| main ()
| {
| exit (42);
|   ;
|   return 0;
| }
configure:3556: g++ -c -g -O2  conftest.cc >&5
configure:3562: $? = 0
configure:3565: test -z 			 || test ! -s conftest.err
configure:3568: $? = 0
configure:3571: test -s conftest.o
configure:3574: $? = 0
configure:3600: g++ -c -g -O2  conftest.cc >&5
configure:3606: $? = 0
configure:3609: test -z 			 || test ! -s conftest.err
configure:3612: $? = 0
configure:3615: test -s conftest.o
configure:3618: $? = 0
configure:3643: checking dependency style of g++
configure:3733: result: gcc3
configure:3829: checking build system type
configure:3847: result: i686-pc-linux-gnu
configure:3855: checking host system type
configure:3869: result: i686-pc-linux-gnu
configure:3877: checking for a sed that does not truncate output
configure:3931: result: /bin/sed
configure:3934: checking for egrep
configure:3944: result: grep -E
configure:3960: checking for ld used by gcc
configure:4027: result: /usr/bin/ld
configure:4036: checking if the linker (/usr/bin/ld) is GNU ld
configure:4051: result: yes
configure:4056: checking for /usr/bin/ld option to reload object files
configure:4063: result: -r
configure:4081: checking for BSD-compatible nm
configure:4130: result: /usr/bin/nm -B
configure:4134: checking whether ln -s works
configure:4138: result: yes
configure:4145: checking how to recognise dependent libraries
configure:4321: result: pass_all
configure:4553: checking for ANSI C header files
configure:4578: gcc -c -g -O2  conftest.c >&5
configure:4584: $? = 0
configure:4587: test -z 			 || test ! -s conftest.err
configure:4590: $? = 0
configure:4593: test -s conftest.o
configure:4596: $? = 0
configure:4685: gcc -o conftest -g -O2   conftest.c  >&5
conftest.c: In function 'main':
conftest.c:31: warning: incompatible implicit declaration of built-in function 'exit'
configure:4688: $? = 0
configure:4690: ./conftest
configure:4693: $? = 0
configure:4708: result: yes
configure:4732: checking for sys/types.h
configure:4748: gcc -c -g -O2  conftest.c >&5
configure:4754: $? = 0
configure:4757: test -z 			 || test ! -s conftest.err
configure:4760: $? = 0
configure:4763: test -s conftest.o
configure:4766: $? = 0
configure:4777: result: yes
configure:4732: checking for sys/stat.h
configure:4748: gcc -c -g -O2  conftest.c >&5
configure:4754: $? = 0
configure:4757: test -z 			 || test ! -s conftest.err
configure:4760: $? = 0
configure:4763: test -s conftest.o
configure:4766: $? = 0
configure:4777: result: yes
configure:4732: checking for stdlib.h
configure:4748: gcc -c -g -O2  conftest.c >&5
configure:4754: $? = 0
configure:4757: test -z 			 || test ! -s conftest.err
configure:4760: $? = 0
configure:4763: test -s conftest.o
configure:4766: $? = 0
configure:4777: result: yes
configure:4732: checking for string.h
configure:4748: gcc -c -g -O2  conftest.c >&5
configure:4754: $? = 0
configure:4757: test -z 			 || test ! -s conftest.err
configure:4760: $? = 0
configure:4763: test -s conftest.o
configure:4766: $? = 0
configure:4777: result: yes
configure:4732: checking for memory.h
configure:4748: gcc -c -g -O2  conftest.c >&5
configure:4754: $? = 0
configure:4757: test -z 			 || test ! -s conftest.err
configure:4760: $? = 0
configure:4763: test -s conftest.o
configure:4766: $? = 0
configure:4777: result: yes
configure:4732: checking for strings.h
configure:4748: gcc -c -g -O2  conftest.c >&5
configure:4754: $? = 0
configure:4757: test -z 			 || test ! -s conftest.err
configure:4760: $? = 0
configure:4763: test -s conftest.o
configure:4766: $? = 0
configure:4777: result: yes
configure:4732: checking for inttypes.h
configure:4748: gcc -c -g -O2  conftest.c >&5
configure:4754: $? = 0
configure:4757: test -z 			 || test ! -s conftest.err
configure:4760: $? = 0
configure:4763: test -s conftest.o
configure:4766: $? = 0
configure:4777: result: yes
configure:4732: checking for stdint.h
configure:4748: gcc -c -g -O2  conftest.c >&5
configure:4754: $? = 0
configure:4757: test -z 			 || test ! -s conftest.err
configure:4760: $? = 0
configure:4763: test -s conftest.o
configure:4766: $? = 0
configure:4777: result: yes
configure:4732: checking for unistd.h
configure:4748: gcc -c -g -O2  conftest.c >&5
configure:4754: $? = 0
configure:4757: test -z 			 || test ! -s conftest.err
configure:4760: $? = 0
configure:4763: test -s conftest.o
configure:4766: $? = 0
configure:4777: result: yes
configure:4803: checking dlfcn.h usability
configure:4815: gcc -c -g -O2  conftest.c >&5
configure:4821: $? = 0
configure:4824: test -z 			 || test ! -s conftest.err
configure:4827: $? = 0
configure:4830: test -s conftest.o
configure:4833: $? = 0
configure:4843: result: yes
configure:4847: checking dlfcn.h presence
configure:4857: gcc -E  conftest.c
configure:4863: $? = 0
configure:4883: result: yes
configure:4918: checking for dlfcn.h
configure:4925: result: yes
configure:4948: checking how to run the C++ preprocessor
configure:4979: g++ -E  conftest.cc
configure:4985: $? = 0
configure:5017: g++ -E  conftest.cc
conftest.cc:25:28: error: ac_nonexistent.h: No such file or directory
configure:5023: $? = 1
configure: failed program was:
| /* confdefs.h.  */
| 
| #define PACKAGE_NAME "google-perftools"
| #define PACKAGE_TARNAME "google-perftools"
| #define PACKAGE_VERSION "0.91"
| #define PACKAGE_STRING "google-perftools 0.91"
| #define PACKAGE_BUGREPORT "opensource@google.com"
| #define PACKAGE "google-perftools"
| #define VERSION "0.91"
| #ifdef __cplusplus
| extern "C" void std::exit (int) throw (); using std::exit;
| #endif
| #define STDC_HEADERS 1
| #define HAVE_SYS_TYPES_H 1
| #define HAVE_SYS_STAT_H 1
| #define HAVE_STDLIB_H 1
| #define HAVE_STRING_H 1
| #define HAVE_MEMORY_H 1
| #define HAVE_STRINGS_H 1
| #define HAVE_INTTYPES_H 1
| #define HAVE_STDINT_H 1
| #define HAVE_UNISTD_H 1
| #define HAVE_DLFCN_H 1
| /* end confdefs.h.  */
| #include <ac_nonexistent.h>
configure:5062: result: g++ -E
configure:5086: g++ -E  conftest.cc
configure:5092: $? = 0
configure:5124: g++ -E  conftest.cc
conftest.cc:25:28: error: ac_nonexistent.h: No such file or directory
configure:5130: $? = 1
configure: failed program was:
| /* confdefs.h.  */
| 
| #define PACKAGE_NAME "google-perftools"
| #define PACKAGE_TARNAME "google-perftools"
| #define PACKAGE_VERSION "0.91"
| #define PACKAGE_STRING "google-perftools 0.91"
| #define PACKAGE_BUGREPORT "opensource@google.com"
| #define PACKAGE "google-perftools"
| #define VERSION "0.91"
| #ifdef __cplusplus
| extern "C" void std::exit (int) throw (); using std::exit;
| #endif
| #define STDC_HEADERS 1
| #define HAVE_SYS_TYPES_H 1
| #define HAVE_SYS_STAT_H 1
| #define HAVE_STDLIB_H 1
| #define HAVE_STRING_H 1
| #define HAVE_MEMORY_H 1
| #define HAVE_STRINGS_H 1
| #define HAVE_INTTYPES_H 1
| #define HAVE_STDINT_H 1
| #define HAVE_UNISTD_H 1
| #define HAVE_DLFCN_H 1
| /* end confdefs.h.  */
| #include <ac_nonexistent.h>
configure:5227: checking for g77
configure:5243: found /usr/local/bin/g77
configure:5253: result: g77
configure:5268: checking for Fortran 77 compiler version
configure:5271: g77 --version </dev/null >&5
GNU Fortran (GCC) 3.4.3
Copyright (C) 2004 Free Software Foundation, Inc.

GNU Fortran comes with NO WARRANTY, to the extent permitted by law.
You may redistribute copies of GNU Fortran
under the terms of the GNU General Public License.
For more information about these matters, see the file named COPYING
or type the command `info -f g77 Copying'.
configure:5274: $? = 0
configure:5276: g77 -v </dev/null >&5
Reading specs from /usr/local/lib/gcc/i686-pc-linux-gnu/3.4.3/specs
Configured with: ../gcc-3.4.3/configure 
Thread model: posix
gcc version 3.4.3
configure:5279: $? = 0
configure:5281: g77 -V </dev/null >&5
g77: `-V' option must have argument
configure:5284: $? = 1
configure:5292: checking whether we are using the GNU Fortran 77 compiler
configure:5306: g77 -c  conftest.F >&5
configure:5312: $? = 0
configure:5315: test -z 			 || test ! -s conftest.err
configure:5318: $? = 0
configure:5321: test -s conftest.o
configure:5324: $? = 0
configure:5337: result: yes
configure:5343: checking whether g77 accepts -g
configure:5355: g77 -c -g conftest.f >&5
configure:5361: $? = 0
configure:5364: test -z 			 || test ! -s conftest.err
configure:5367: $? = 0
configure:5370: test -s conftest.o
configure:5373: $? = 0
configure:5385: result: yes
configure:5415: checking the maximum length of command line arguments
configure:5524: result: 32768
configure:5535: checking command to parse /usr/bin/nm -B output from gcc object
configure:5640: gcc -c -g -O2  conftest.c >&5
configure:5643: $? = 0
configure:5647: /usr/bin/nm -B conftest.o \| sed -n -e 's/^.*[ 	]\([ABCDGIRSTW][ABCDGIRSTW]*\)[ 	][ 	]*\([_A-Za-z][_A-Za-z0-9]*\)$/\1 \2 \2/p' \> conftest.nm
configure:5650: $? = 0
configure:5702: gcc -o conftest -g -O2   conftest.c conftstm.o >&5
configure:5705: $? = 0
configure:5743: result: ok
configure:5747: checking for objdir
configure:5762: result: .libs
configure:5852: checking for ar
configure:5868: found /usr/bin/ar
configure:5879: result: ar
configure:5932: checking for ranlib
configure:5948: found /usr/bin/ranlib
configure:5959: result: ranlib
configure:6012: checking for strip
configure:6028: found /usr/bin/strip
configure:6039: result: strip
configure:6311: checking if gcc supports -fno-rtti -fno-exceptions
configure:6329: gcc -c -g -O2  -fno-rtti -fno-exceptions conftest.c >&5
cc1: warning: command line option "-fno-rtti" is valid for C++/ObjC++ but not for C
configure:6333: $? = 0
configure:6346: result: no
configure:6361: checking for gcc option to produce PIC
configure:6571: result: -fPIC
configure:6579: checking if gcc PIC flag -fPIC works
configure:6597: gcc -c -g -O2  -fPIC -DPIC conftest.c >&5
configure:6601: $? = 0
configure:6614: result: yes
configure:6642: checking if gcc static flag -static works
configure:6670: result: yes
configure:6680: checking if gcc supports -c -o file.o
configure:6701: gcc -c -g -O2  -o out/conftest2.o conftest.c >&5
configure:6705: $? = 0
configure:6727: result: yes
configure:6753: checking whether the gcc linker (/usr/bin/ld) supports shared libraries
configure:7719: result: yes
configure:7740: checking whether -lc should be explicitly linked in
configure:7745: gcc -c -g -O2  conftest.c >&5
configure:7748: $? = 0
configure:7763: gcc -shared conftest.o  -v -Wl,-soname -Wl,conftest -o conftest 2\>\&1 \| grep  -lc  \>/dev/null 2\>\&1
configure:7766: $? = 0
configure:7778: result: no
configure:7786: checking dynamic linker characteristics
configure:8386: result: GNU/Linux ld.so
configure:8395: checking how to hardcode library paths into programs
configure:8420: result: immediate
configure:8434: checking whether stripping libraries is possible
configure:8439: result: yes
configure:9266: checking if libtool supports shared libraries
configure:9268: result: yes
configure:9271: checking whether to build shared libraries
configure:9292: result: yes
configure:9295: checking whether to build static libraries
configure:9299: result: yes
configure:9391: creating libtool
configure:9979: checking for ld used by g++
configure:10046: result: /usr/bin/ld
configure:10055: checking if the linker (/usr/bin/ld) is GNU ld
configure:10070: result: yes
configure:10121: checking whether the g++ linker (/usr/bin/ld) supports shared libraries
configure:11057: result: yes
configure:11075: g++ -c -g -O2  conftest.cpp >&5
configure:11078: $? = 0
configure:11197: checking for g++ option to produce PIC
configure:11471: result: -fPIC
configure:11479: checking if g++ PIC flag -fPIC works
configure:11497: g++ -c -g -O2  -fPIC -DPIC conftest.cpp >&5
configure:11501: $? = 0
configure:11514: result: yes
configure:11542: checking if g++ static flag -static works
configure:11570: result: yes
configure:11580: checking if g++ supports -c -o file.o
configure:11601: g++ -c -g -O2  -o out/conftest2.o conftest.cpp >&5
configure:11605: $? = 0
configure:11627: result: yes
configure:11653: checking whether the g++ linker (/usr/bin/ld) supports shared libraries
configure:11684: result: yes
configure:11751: checking dynamic linker characteristics
configure:12351: result: GNU/Linux ld.so
configure:12360: checking how to hardcode library paths into programs
configure:12385: result: immediate
configure:12911: checking if libtool supports shared libraries
configure:12913: result: yes
configure:12916: checking whether to build shared libraries
configure:12936: result: yes
configure:12939: checking whether to build static libraries
configure:12943: result: yes
configure:12953: checking for g77 option to produce PIC
configure:13163: result: -fPIC
configure:13171: checking if g77 PIC flag -fPIC works
configure:13189: g77 -c -g -O2 -fPIC conftest.f >&5
configure:13193: $? = 0
configure:13206: result: yes
configure:13234: checking if g77 static flag -static works
configure:13262: result: yes
configure:13272: checking if g77 supports -c -o file.o
configure:13293: g77 -c -g -O2 -o out/conftest2.o conftest.f >&5
configure:13297: $? = 0
configure:13319: result: yes
configure:13345: checking whether the g77 linker (/usr/bin/ld) supports shared libraries
configure:14291: result: yes
configure:14358: checking dynamic linker characteristics
configure:14958: result: GNU/Linux ld.so
configure:14967: checking how to hardcode library paths into programs
configure:14992: result: immediate
configure:18577: checking for inline
configure:18598: gcc -c -g -O2  conftest.c >&5
configure:18604: $? = 0
configure:18607: test -z 			 || test ! -s conftest.err
configure:18610: $? = 0
configure:18613: test -s conftest.o
configure:18616: $? = 0
configure:18628: result: inline
configure:18648: checking for __attribute__
configure:18672: gcc -c -g -O2  conftest.c >&5
configure:18678: $? = 0
configure:18681: test -z 			 || test ! -s conftest.err
configure:18684: $? = 0
configure:18687: test -s conftest.o
configure:18690: $? = 0
configure:18710: result: yes
configure:18715: checking for ANSI C header files
configure:18870: result: yes
configure:18881: checking for __int64
configure:18905: gcc -c -g -O2  conftest.c >&5
conftest.c: In function 'main':
conftest.c:64: error: '__int64' undeclared (first use in this function)
conftest.c:64: error: (Each undeclared identifier is reported only once
conftest.c:64: error: for each function it appears in.)
conftest.c:64: error: syntax error before ')' token
configure:18911: $? = 1
configure: failed program was:
| /* confdefs.h.  */
| 
| #define PACKAGE_NAME "google-perftools"
| #define PACKAGE_TARNAME "google-perftools"
| #define PACKAGE_VERSION "0.91"
| #define PACKAGE_STRING "google-perftools 0.91"
| #define PACKAGE_BUGREPORT "opensource@google.com"
| #define PACKAGE "google-perftools"
| #define VERSION "0.91"
| #ifdef __cplusplus
| extern "C" void std::exit (int) throw (); using std::exit;
| #endif
| #define STDC_HEADERS 1
| #define HAVE_SYS_TYPES_H 1
| #define HAVE_SYS_STAT_H 1
| #define HAVE_STDLIB_H 1
| #define HAVE_STRING_H 1
| #define HAVE_MEMORY_H 1
| #define HAVE_STRINGS_H 1
| #define HAVE_INTTYPES_H 1
| #define HAVE_STDINT_H 1
| #define HAVE_UNISTD_H 1
| #define HAVE_DLFCN_H 1
| #define HAVE___ATTRIBUTE__ 1
| #define STDC_HEADERS 1
| /* end confdefs.h.  */
| #include <stdio.h>
| #if HAVE_SYS_TYPES_H
| # include <sys/types.h>
| #endif
| #if HAVE_SYS_STAT_H
| # include <sys/stat.h>
| #endif
| #if STDC_HEADERS
| # include <stdlib.h>
| # include <stddef.h>
| #else
| # if HAVE_STDLIB_H
| #  include <stdlib.h>
| # endif
| #endif
| #if HAVE_STRING_H
| # if !STDC_HEADERS && HAVE_MEMORY_H
| #  include <memory.h>
| # endif
| # include <string.h>
| #endif
| #if HAVE_STRINGS_H
| # include <strings.h>
| #endif
| #if HAVE_INTTYPES_H
| # include <inttypes.h>
| #else
| # if HAVE_STDINT_H
| #  include <stdint.h>
| # endif
| #endif
| #if HAVE_UNISTD_H
| # include <unistd.h>
| #endif
| int
| main ()
| {
| if ((__int64 *) 0)
|   return 0;
| if (sizeof (__int64))
|   return 0;
|   ;
|   return 0;
| }
configure:18934: result: no
configure:18945: checking for struct mallinfo
configure:18970: gcc -c -g -O2  conftest.c >&5
configure:18976: $? = 0
configure:18979: test -z 			 || test ! -s conftest.err
configure:18982: $? = 0
configure:18985: test -s conftest.o
configure:18988: $? = 0
configure:18999: result: yes
configure:19014: checking for sbrk
configure:19071: gcc -o conftest -g -O2   conftest.c  >&5
configure:19077: $? = 0
configure:19080: test -z 			 || test ! -s conftest.err
configure:19083: $? = 0
configure:19086: test -s conftest
configure:19089: $? = 0
configure:19101: result: yes
configure:19115: checking for munmap
configure:19172: gcc -o conftest -g -O2   conftest.c  >&5
configure:19178: $? = 0
configure:19181: test -z 			 || test ! -s conftest.err
configure:19184: $? = 0
configure:19187: test -s conftest
configure:19190: $? = 0
configure:19202: result: yes
configure:19218: checking for stdlib.h
configure:19223: result: yes
configure:19218: checking for unistd.h
configure:19223: result: yes
configure:19366: checking for getpagesize
configure:19423: gcc -o conftest -g -O2   conftest.c  >&5
configure:19429: $? = 0
configure:19432: test -z 			 || test ! -s conftest.err
configure:19435: $? = 0
configure:19438: test -s conftest
configure:19441: $? = 0
configure:19453: result: yes
configure:19463: checking for working mmap
configure:19605: gcc -o conftest -g -O2   conftest.c  >&5
configure:19608: $? = 0
configure:19610: ./conftest
configure:19613: $? = 0
configure:19627: result: yes
configure:19652: checking execinfo.h usability
configure:19664: gcc -c -g -O2  conftest.c >&5
configure:19670: $? = 0
configure:19673: test -z 			 || test ! -s conftest.err
configure:19676: $? = 0
configure:19679: test -s conftest.o
configure:19682: $? = 0
configure:19692: result: yes
configure:19696: checking execinfo.h presence
configure:19706: gcc -E  conftest.c
configure:19712: $? = 0
configure:19732: result: yes
configure:19767: checking for execinfo.h
configure:19774: result: yes
configure:19801: checking libunwind.h usability
configure:19813: gcc -c -g -O2  conftest.c >&5
conftest.c:69:23: error: libunwind.h: No such file or directory
configure:19819: $? = 1
configure: failed program was:
| /* confdefs.h.  */
| 
| #define PACKAGE_NAME "google-perftools"
| #define PACKAGE_TARNAME "google-perftools"
| #define PACKAGE_VERSION "0.91"
| #define PACKAGE_STRING "google-perftools 0.91"
| #define PACKAGE_BUGREPORT "opensource@google.com"
| #define PACKAGE "google-perftools"
| #define VERSION "0.91"
| #ifdef __cplusplus
| extern "C" void std::exit (int) throw (); using std::exit;
| #endif
| #define STDC_HEADERS 1
| #define HAVE_SYS_TYPES_H 1
| #define HAVE_SYS_STAT_H 1
| #define HAVE_STDLIB_H 1
| #define HAVE_STRING_H 1
| #define HAVE_MEMORY_H 1
| #define HAVE_STRINGS_H 1
| #define HAVE_INTTYPES_H 1
| #define HAVE_STDINT_H 1
| #define HAVE_UNISTD_H 1
| #define HAVE_DLFCN_H 1
| #define HAVE___ATTRIBUTE__ 1
| #define STDC_HEADERS 1
| #define HAVE_STRUCT_MALLINFO 1
| #define HAVE_SBRK 1
| #define HAVE_MUNMAP 1
| #define HAVE_STDLIB_H 1
| #define HAVE_UNISTD_H 1
| #define HAVE_GETPAGESIZE 1
| #define HAVE_MMAP 1
| #define HAVE_EXECINFO_H 1
| /* end confdefs.h.  */
| #include <stdio.h>
| #if HAVE_SYS_TYPES_H
| # include <sys/types.h>
| #endif
| #if HAVE_SYS_STAT_H
| # include <sys/stat.h>
| #endif
| #if STDC_HEADERS
| # include <stdlib.h>
| # include <stddef.h>
| #else
| # if HAVE_STDLIB_H
| #  include <stdlib.h>
| # endif
| #endif
| #if HAVE_STRING_H
| # if !STDC_HEADERS && HAVE_MEMORY_H
| #  include <memory.h>
| # endif
| # include <string.h>
| #endif
| #if HAVE_STRINGS_H
| # include <strings.h>
| #endif
| #if HAVE_INTTYPES_H
| # include <inttypes.h>
| #else
| # if HAVE_STDINT_H
| #  include <stdint.h>
| # endif
| #endif
| #if HAVE_UNISTD_H
| # include <unistd.h>
| #endif
| #include <libunwind.h>
configure:19841: result: no
configure:19845: checking libunwind.h presence
configure:19855: gcc -E  conftest.c
conftest.c:35:23: error: libunwind.h: No such file or directory
configure:19861: $? = 1
configure: failed program was:
| /* confdefs.h.  */
| 
| #define PACKAGE_NAME "google-perftools"
| #define PACKAGE_TARNAME "google-perftools"
| #define PACKAGE_VERSION "0.91"
| #define PACKAGE_STRING "google-perftools 0.91"
| #define PACKAGE_BUGREPORT "opensource@google.com"
| #define PACKAGE "google-perftools"
| #define VERSION "0.91"
| #ifdef __cplusplus
| extern "C" void std::exit (int) throw (); using std::exit;
| #endif
| #define STDC_HEADERS 1
| #define HAVE_SYS_TYPES_H 1
| #define HAVE_SYS_STAT_H 1
| #define HAVE_STDLIB_H 1
| #define HAVE_STRING_H 1
| #define HAVE_MEMORY_H 1
| #define HAVE_STRINGS_H 1
| #define HAVE_INTTYPES_H 1
| #define HAVE_STDINT_H 1
| #define HAVE_UNISTD_H 1
| #define HAVE_DLFCN_H 1
| #define HAVE___ATTRIBUTE__ 1
| #define STDC_HEADERS 1
| #define HAVE_STRUCT_MALLINFO 1
| #define HAVE_SBRK 1
| #define HAVE_MUNMAP 1
| #define HAVE_STDLIB_H 1
| #define HAVE_UNISTD_H 1
| #define HAVE_GETPAGESIZE 1
| #define HAVE_MMAP 1
| #define HAVE_EXECINFO_H 1
| /* end confdefs.h.  */
| #include <libunwind.h>
configure:19881: result: no
configure:19916: checking for libunwind.h
configure:19923: result: no
configure:19950: checking unwind.h usability
configure:19962: gcc -c -g -O2  conftest.c >&5
configure:19968: $? = 0
configure:19971: test -z 			 || test ! -s conftest.err
configure:19974: $? = 0
configure:19977: test -s conftest.o
configure:19980: $? = 0
configure:19990: result: yes
configure:19994: checking unwind.h presence
configure:20004: gcc -E  conftest.c
configure:20010: $? = 0
configure:20030: result: yes
configure:20065: checking for unwind.h
configure:20072: result: yes
configure:20099: checking conflict-signal.h usability
configure:20111: gcc -c -g -O2  conftest.c >&5
conftest.c:70:29: error: conflict-signal.h: No such file or directory
configure:20117: $? = 1
configure: failed program was:
| /* confdefs.h.  */
| 
| #define PACKAGE_NAME "google-perftools"
| #define PACKAGE_TARNAME "google-perftools"
| #define PACKAGE_VERSION "0.91"
| #define PACKAGE_STRING "google-perftools 0.91"
| #define PACKAGE_BUGREPORT "opensource@google.com"
| #define PACKAGE "google-perftools"
| #define VERSION "0.91"
| #ifdef __cplusplus
| extern "C" void std::exit (int) throw (); using std::exit;
| #endif
| #define STDC_HEADERS 1
| #define HAVE_SYS_TYPES_H 1
| #define HAVE_SYS_STAT_H 1
| #define HAVE_STDLIB_H 1
| #define HAVE_STRING_H 1
| #define HAVE_MEMORY_H 1
| #define HAVE_STRINGS_H 1
| #define HAVE_INTTYPES_H 1
| #define HAVE_STDINT_H 1
| #define HAVE_UNISTD_H 1
| #define HAVE_DLFCN_H 1
| #define HAVE___ATTRIBUTE__ 1
| #define STDC_HEADERS 1
| #define HAVE_STRUCT_MALLINFO 1
| #define HAVE_SBRK 1
| #define HAVE_MUNMAP 1
| #define HAVE_STDLIB_H 1
| #define HAVE_UNISTD_H 1
| #define HAVE_GETPAGESIZE 1
| #define HAVE_MMAP 1
| #define HAVE_EXECINFO_H 1
| #define HAVE_UNWIND_H 1
| /* end confdefs.h.  */
| #include <stdio.h>
| #if HAVE_SYS_TYPES_H
| # include <sys/types.h>
| #endif
| #if HAVE_SYS_STAT_H
| # include <sys/stat.h>
| #endif
| #if STDC_HEADERS
| # include <stdlib.h>
| # include <stddef.h>
| #else
| # if HAVE_STDLIB_H
| #  include <stdlib.h>
| # endif
| #endif
| #if HAVE_STRING_H
| # if !STDC_HEADERS && HAVE_MEMORY_H
| #  include <memory.h>
| # endif
| # include <string.h>
| #endif
| #if HAVE_STRINGS_H
| # include <strings.h>
| #endif
| #if HAVE_INTTYPES_H
| # include <inttypes.h>
| #else
| # if HAVE_STDINT_H
| #  include <stdint.h>
| # endif
| #endif
| #if HAVE_UNISTD_H
| # include <unistd.h>
| #endif
| #include <conflict-signal.h>
configure:20139: result: no
configure:20143: checking conflict-signal.h presence
configure:20153: gcc -E  conftest.c
conftest.c:36:29: error: conflict-signal.h: No such file or directory
configure:20159: $? = 1
configure: failed program was:
| /* confdefs.h.  */
| 
| #define PACKAGE_NAME "google-perftools"
| #define PACKAGE_TARNAME "google-perftools"
| #define PACKAGE_VERSION "0.91"
| #define PACKAGE_STRING "google-perftools 0.91"
| #define PACKAGE_BUGREPORT "opensource@google.com"
| #define PACKAGE "google-perftools"
| #define VERSION "0.91"
| #ifdef __cplusplus
| extern "C" void std::exit (int) throw (); using std::exit;
| #endif
| #define STDC_HEADERS 1
| #define HAVE_SYS_TYPES_H 1
| #define HAVE_SYS_STAT_H 1
| #define HAVE_STDLIB_H 1
| #define HAVE_STRING_H 1
| #define HAVE_MEMORY_H 1
| #define HAVE_STRINGS_H 1
| #define HAVE_INTTYPES_H 1
| #define HAVE_STDINT_H 1
| #define HAVE_UNISTD_H 1
| #define HAVE_DLFCN_H 1
| #define HAVE___ATTRIBUTE__ 1
| #define STDC_HEADERS 1
| #define HAVE_STRUCT_MALLINFO 1
| #define HAVE_SBRK 1
| #define HAVE_MUNMAP 1
| #define HAVE_STDLIB_H 1
| #define HAVE_UNISTD_H 1
| #define HAVE_GETPAGESIZE 1
| #define HAVE_MMAP 1
| #define HAVE_EXECINFO_H 1
| #define HAVE_UNWIND_H 1
| /* end confdefs.h.  */
| #include <conflict-signal.h>
configure:20179: result: no
configure:20214: checking for conflict-signal.h
configure:20221: result: no
configure:20248: checking linux/ptrace.h usability
configure:20260: gcc -c -g -O2  conftest.c >&5
configure:20266: $? = 0
configure:20269: test -z 			 || test ! -s conftest.err
configure:20272: $? = 0
configure:20275: test -s conftest.o
configure:20278: $? = 0
configure:20288: result: yes
configure:20292: checking linux/ptrace.h presence
configure:20302: gcc -E  conftest.c
configure:20308: $? = 0
configure:20328: result: yes
configure:20363: checking for linux/ptrace.h
configure:20370: result: yes
configure:20397: checking syscall.h usability
configure:20409: gcc -c -g -O2  conftest.c >&5
configure:20415: $? = 0
configure:20418: test -z 			 || test ! -s conftest.err
configure:20421: $? = 0
configure:20424: test -s conftest.o
configure:20427: $? = 0
configure:20437: result: yes
configure:20441: checking syscall.h presence
configure:20451: gcc -E  conftest.c
configure:20457: $? = 0
configure:20477: result: yes
configure:20512: checking for syscall.h
configure:20519: result: yes
configure:20546: checking grp.h usability
configure:20558: gcc -c -g -O2  conftest.c >&5
configure:20564: $? = 0
configure:20567: test -z 			 || test ! -s conftest.err
configure:20570: $? = 0
configure:20573: test -s conftest.o
configure:20576: $? = 0
configure:20586: result: yes
configure:20590: checking grp.h presence
configure:20600: gcc -E  conftest.c
configure:20606: $? = 0
configure:20626: result: yes
configure:20661: checking for grp.h
configure:20668: result: yes
configure:20695: checking pwd.h usability
configure:20707: gcc -c -g -O2  conftest.c >&5
configure:20713: $? = 0
configure:20716: test -z 			 || test ! -s conftest.err
configure:20719: $? = 0
configure:20722: test -s conftest.o
configure:20725: $? = 0
configure:20735: result: yes
configure:20739: checking pwd.h presence
configure:20749: gcc -E  conftest.c
configure:20755: $? = 0
configure:20775: result: yes
configure:20810: checking for pwd.h
configure:20817: result: yes
configure:20830: checking for struct sigcontext.sc_eip
configure:20855: gcc -c -g -O2  conftest.c >&5
conftest.c: In function 'main':
conftest.c:47: error: 'struct sigcontext' has no member named 'sc_eip'
configure:20861: $? = 1
configure: failed program was:
| /* confdefs.h.  */
| 
| #define PACKAGE_NAME "google-perftools"
| #define PACKAGE_TARNAME "google-perftools"
| #define PACKAGE_VERSION "0.91"
| #define PACKAGE_STRING "google-perftools 0.91"
| #define PACKAGE_BUGREPORT "opensource@google.com"
| #define PACKAGE "google-perftools"
| #define VERSION "0.91"
| #ifdef __cplusplus
| extern "C" void std::exit (int) throw (); using std::exit;
| #endif
| #define STDC_HEADERS 1
| #define HAVE_SYS_TYPES_H 1
| #define HAVE_SYS_STAT_H 1
| #define HAVE_STDLIB_H 1
| #define HAVE_STRING_H 1
| #define HAVE_MEMORY_H 1
| #define HAVE_STRINGS_H 1
| #define HAVE_INTTYPES_H 1
| #define HAVE_STDINT_H 1
| #define HAVE_UNISTD_H 1
| #define HAVE_DLFCN_H 1
| #define HAVE___ATTRIBUTE__ 1
| #define STDC_HEADERS 1
| #define HAVE_STRUCT_MALLINFO 1
| #define HAVE_SBRK 1
| #define HAVE_MUNMAP 1
| #define HAVE_STDLIB_H 1
| #define HAVE_UNISTD_H 1
| #define HAVE_GETPAGESIZE 1
| #define HAVE_MMAP 1
| #define HAVE_EXECINFO_H 1
| #define HAVE_UNWIND_H 1
| #define HAVE_LINUX_PTRACE_H 1
| #define HAVE_SYSCALL_H 1
| #define HAVE_GRP_H 1
| #define HAVE_PWD_H 1
| /* end confdefs.h.  */
| #define _XOPEN_SOURCE 500
|                   #include <signal.h>
| 
| int
| main ()
| {
| static struct sigcontext ac_aggr;
| if (ac_aggr.sc_eip)
| return 0;
|   ;
|   return 0;
| }
configure:20900: gcc -c -g -O2  conftest.c >&5
conftest.c: In function 'main':
conftest.c:47: error: 'struct sigcontext' has no member named 'sc_eip'
configure:20906: $? = 1
configure: failed program was:
| /* confdefs.h.  */
| 
| #define PACKAGE_NAME "google-perftools"
| #define PACKAGE_TARNAME "google-perftools"
| #define PACKAGE_VERSION "0.91"
| #define PACKAGE_STRING "google-perftools 0.91"
| #define PACKAGE_BUGREPORT "opensource@google.com"
| #define PACKAGE "google-perftools"
| #define VERSION "0.91"
| #ifdef __cplusplus
| extern "C" void std::exit (int) throw (); using std::exit;
| #endif
| #define STDC_HEADERS 1
| #define HAVE_SYS_TYPES_H 1
| #define HAVE_SYS_STAT_H 1
| #define HAVE_STDLIB_H 1
| #define HAVE_STRING_H 1
| #define HAVE_MEMORY_H 1
| #define HAVE_STRINGS_H 1
| #define HAVE_INTTYPES_H 1
| #define HAVE_STDINT_H 1
| #define HAVE_UNISTD_H 1
| #define HAVE_DLFCN_H 1
| #define HAVE___ATTRIBUTE__ 1
| #define STDC_HEADERS 1
| #define HAVE_STRUCT_MALLINFO 1
| #define HAVE_SBRK 1
| #define HAVE_MUNMAP 1
| #define HAVE_STDLIB_H 1
| #define HAVE_UNISTD_H 1
| #define HAVE_GETPAGESIZE 1
| #define HAVE_MMAP 1
| #define HAVE_EXECINFO_H 1
| #define HAVE_UNWIND_H 1
| #define HAVE_LINUX_PTRACE_H 1
| #define HAVE_SYSCALL_H 1
| #define HAVE_GRP_H 1
| #define HAVE_PWD_H 1
| /* end confdefs.h.  */
| #define _XOPEN_SOURCE 500
|                   #include <signal.h>
| 
| int
| main ()
| {
| static struct sigcontext ac_aggr;
| if (sizeof ac_aggr.sc_eip)
| return 0;
|   ;
|   return 0;
| }
configure:20931: result: no
configure:20941: checking for struct ucontext.uc_mcontext
configure:20966: gcc -c -g -O2  conftest.c >&5
conftest.c: In function 'main':
conftest.c:47: error: used struct type value where scalar is required
configure:20972: $? = 1
configure: failed program was:
| /* confdefs.h.  */
| 
| #define PACKAGE_NAME "google-perftools"
| #define PACKAGE_TARNAME "google-perftools"
| #define PACKAGE_VERSION "0.91"
| #define PACKAGE_STRING "google-perftools 0.91"
| #define PACKAGE_BUGREPORT "opensource@google.com"
| #define PACKAGE "google-perftools"
| #define VERSION "0.91"
| #ifdef __cplusplus
| extern "C" void std::exit (int) throw (); using std::exit;
| #endif
| #define STDC_HEADERS 1
| #define HAVE_SYS_TYPES_H 1
| #define HAVE_SYS_STAT_H 1
| #define HAVE_STDLIB_H 1
| #define HAVE_STRING_H 1
| #define HAVE_MEMORY_H 1
| #define HAVE_STRINGS_H 1
| #define HAVE_INTTYPES_H 1
| #define HAVE_STDINT_H 1
| #define HAVE_UNISTD_H 1
| #define HAVE_DLFCN_H 1
| #define HAVE___ATTRIBUTE__ 1
| #define STDC_HEADERS 1
| #define HAVE_STRUCT_MALLINFO 1
| #define HAVE_SBRK 1
| #define HAVE_MUNMAP 1
| #define HAVE_STDLIB_H 1
| #define HAVE_UNISTD_H 1
| #define HAVE_GETPAGESIZE 1
| #define HAVE_MMAP 1
| #define HAVE_EXECINFO_H 1
| #define HAVE_UNWIND_H 1
| #define HAVE_LINUX_PTRACE_H 1
| #define HAVE_SYSCALL_H 1
| #define HAVE_GRP_H 1
| #define HAVE_PWD_H 1
| /* end confdefs.h.  */
| #define _XOPEN_SOURCE 500
|                   #include <signal.h>
| 
| int
| main ()
| {
| static struct ucontext ac_aggr;
| if (ac_aggr.uc_mcontext)
| return 0;
|   ;
|   return 0;
| }
configure:21011: gcc -c -g -O2  conftest.c >&5
configure:21017: $? = 0
configure:21020: test -z 			 || test ! -s conftest.err
configure:21023: $? = 0
configure:21026: test -s conftest.o
configure:21029: $? = 0
configure:21042: result: yes
configure:21052: checking for struct sigcontext.eip
configure:21077: gcc -c -g -O2  conftest.c >&5
configure:21083: $? = 0
configure:21086: test -z 			 || test ! -s conftest.err
configure:21089: $? = 0
configure:21092: test -s conftest.o
configure:21095: $? = 0
configure:21153: result: yes
configure:21163: checking for struct sigcontext.rip
configure:21188: gcc -c -g -O2  conftest.c >&5
conftest.c: In function 'main':
conftest.c:49: error: 'struct sigcontext' has no member named 'rip'
configure:21194: $? = 1
configure: failed program was:
| /* confdefs.h.  */
| 
| #define PACKAGE_NAME "google-perftools"
| #define PACKAGE_TARNAME "google-perftools"
| #define PACKAGE_VERSION "0.91"
| #define PACKAGE_STRING "google-perftools 0.91"
| #define PACKAGE_BUGREPORT "opensource@google.com"
| #define PACKAGE "google-perftools"
| #define VERSION "0.91"
| #ifdef __cplusplus
| extern "C" void std::exit (int) throw (); using std::exit;
| #endif
| #define STDC_HEADERS 1
| #define HAVE_SYS_TYPES_H 1
| #define HAVE_SYS_STAT_H 1
| #define HAVE_STDLIB_H 1
| #define HAVE_STRING_H 1
| #define HAVE_MEMORY_H 1
| #define HAVE_STRINGS_H 1
| #define HAVE_INTTYPES_H 1
| #define HAVE_STDINT_H 1
| #define HAVE_UNISTD_H 1
| #define HAVE_DLFCN_H 1
| #define HAVE___ATTRIBUTE__ 1
| #define STDC_HEADERS 1
| #define HAVE_STRUCT_MALLINFO 1
| #define HAVE_SBRK 1
| #define HAVE_MUNMAP 1
| #define HAVE_STDLIB_H 1
| #define HAVE_UNISTD_H 1
| #define HAVE_GETPAGESIZE 1
| #define HAVE_MMAP 1
| #define HAVE_EXECINFO_H 1
| #define HAVE_UNWIND_H 1
| #define HAVE_LINUX_PTRACE_H 1
| #define HAVE_SYSCALL_H 1
| #define HAVE_GRP_H 1
| #define HAVE_PWD_H 1
| #define HAVE_STRUCT_UCONTEXT_UC_MCONTEXT 1
| #define HAVE_STRUCT_SIGCONTEXT_EIP 1
| /* end confdefs.h.  */
| #define _XOPEN_SOURCE 500
|                   #include <signal.h>
| 
| int
| main ()
| {
| static struct sigcontext ac_aggr;
| if (ac_aggr.rip)
| return 0;
|   ;
|   return 0;
| }
configure:21233: gcc -c -g -O2  conftest.c >&5
conftest.c: In function 'main':
conftest.c:49: error: 'struct sigcontext' has no member named 'rip'
configure:21239: $? = 1
configure: failed program was:
| /* confdefs.h.  */
| 
| #define PACKAGE_NAME "google-perftools"
| #define PACKAGE_TARNAME "google-perftools"
| #define PACKAGE_VERSION "0.91"
| #define PACKAGE_STRING "google-perftools 0.91"
| #define PACKAGE_BUGREPORT "opensource@google.com"
| #define PACKAGE "google-perftools"
| #define VERSION "0.91"
| #ifdef __cplusplus
| extern "C" void std::exit (int) throw (); using std::exit;
| #endif
| #define STDC_HEADERS 1
| #define HAVE_SYS_TYPES_H 1
| #define HAVE_SYS_STAT_H 1
| #define HAVE_STDLIB_H 1
| #define HAVE_STRING_H 1
| #define HAVE_MEMORY_H 1
| #define HAVE_STRINGS_H 1
| #define HAVE_INTTYPES_H 1
| #define HAVE_STDINT_H 1
| #define HAVE_UNISTD_H 1
| #define HAVE_DLFCN_H 1
| #define HAVE___ATTRIBUTE__ 1
| #define STDC_HEADERS 1
| #define HAVE_STRUCT_MALLINFO 1
| #define HAVE_SBRK 1
| #define HAVE_MUNMAP 1
| #define HAVE_STDLIB_H 1
| #define HAVE_UNISTD_H 1
| #define HAVE_GETPAGESIZE 1
| #define HAVE_MMAP 1
| #define HAVE_EXECINFO_H 1
| #define HAVE_UNWIND_H 1
| #define HAVE_LINUX_PTRACE_H 1
| #define HAVE_SYSCALL_H 1
| #define HAVE_GRP_H 1
| #define HAVE_PWD_H 1
| #define HAVE_STRUCT_UCONTEXT_UC_MCONTEXT 1
| #define HAVE_STRUCT_SIGCONTEXT_EIP 1
| /* end confdefs.h.  */
| #define _XOPEN_SOURCE 500
|                   #include <signal.h>
| 
| int
| main ()
| {
| static struct sigcontext ac_aggr;
| if (sizeof ac_aggr.rip)
| return 0;
|   ;
|   return 0;
| }
configure:21264: result: no
configure:21274: checking for struct sigcontext.sc_ip
configure:21299: gcc -c -g -O2  conftest.c >&5
conftest.c: In function 'main':
conftest.c:49: error: 'struct sigcontext' has no member named 'sc_ip'
configure:21305: $? = 1
configure: failed program was:
| /* confdefs.h.  */
| 
| #define PACKAGE_NAME "google-perftools"
| #define PACKAGE_TARNAME "google-perftools"
| #define PACKAGE_VERSION "0.91"
| #define PACKAGE_STRING "google-perftools 0.91"
| #define PACKAGE_BUGREPORT "opensource@google.com"
| #define PACKAGE "google-perftools"
| #define VERSION "0.91"
| #ifdef __cplusplus
| extern "C" void std::exit (int) throw (); using std::exit;
| #endif
| #define STDC_HEADERS 1
| #define HAVE_SYS_TYPES_H 1
| #define HAVE_SYS_STAT_H 1
| #define HAVE_STDLIB_H 1
| #define HAVE_STRING_H 1
| #define HAVE_MEMORY_H 1
| #define HAVE_STRINGS_H 1
| #define HAVE_INTTYPES_H 1
| #define HAVE_STDINT_H 1
| #define HAVE_UNISTD_H 1
| #define HAVE_DLFCN_H 1
| #define HAVE___ATTRIBUTE__ 1
| #define STDC_HEADERS 1
| #define HAVE_STRUCT_MALLINFO 1
| #define HAVE_SBRK 1
| #define HAVE_MUNMAP 1
| #define HAVE_STDLIB_H 1
| #define HAVE_UNISTD_H 1
| #define HAVE_GETPAGESIZE 1
| #define HAVE_MMAP 1
| #define HAVE_EXECINFO_H 1
| #define HAVE_UNWIND_H 1
| #define HAVE_LINUX_PTRACE_H 1
| #define HAVE_SYSCALL_H 1
| #define HAVE_GRP_H 1
| #define HAVE_PWD_H 1
| #define HAVE_STRUCT_UCONTEXT_UC_MCONTEXT 1
| #define HAVE_STRUCT_SIGCONTEXT_EIP 1
| /* end confdefs.h.  */
| #define _XOPEN_SOURCE 500
|                   #include <signal.h>
| 
| int
| main ()
| {
| static struct sigcontext ac_aggr;
| if (ac_aggr.sc_ip)
| return 0;
|   ;
|   return 0;
| }
configure:21344: gcc -c -g -O2  conftest.c >&5
conftest.c: In function 'main':
conftest.c:49: error: 'struct sigcontext' has no member named 'sc_ip'
configure:21350: $? = 1
configure: failed program was:
| /* confdefs.h.  */
| 
| #define PACKAGE_NAME "google-perftools"
| #define PACKAGE_TARNAME "google-perftools"
| #define PACKAGE_VERSION "0.91"
| #define PACKAGE_STRING "google-perftools 0.91"
| #define PACKAGE_BUGREPORT "opensource@google.com"
| #define PACKAGE "google-perftools"
| #define VERSION "0.91"
| #ifdef __cplusplus
| extern "C" void std::exit (int) throw (); using std::exit;
| #endif
| #define STDC_HEADERS 1
| #define HAVE_SYS_TYPES_H 1
| #define HAVE_SYS_STAT_H 1
| #define HAVE_STDLIB_H 1
| #define HAVE_STRING_H 1
| #define HAVE_MEMORY_H 1
| #define HAVE_STRINGS_H 1
| #define HAVE_INTTYPES_H 1
| #define HAVE_STDINT_H 1
| #define HAVE_UNISTD_H 1
| #define HAVE_DLFCN_H 1
| #define HAVE___ATTRIBUTE__ 1
| #define STDC_HEADERS 1
| #define HAVE_STRUCT_MALLINFO 1
| #define HAVE_SBRK 1
| #define HAVE_MUNMAP 1
| #define HAVE_STDLIB_H 1
| #define HAVE_UNISTD_H 1
| #define HAVE_GETPAGESIZE 1
| #define HAVE_MMAP 1
| #define HAVE_EXECINFO_H 1
| #define HAVE_UNWIND_H 1
| #define HAVE_LINUX_PTRACE_H 1
| #define HAVE_SYSCALL_H 1
| #define HAVE_GRP_H 1
| #define HAVE_PWD_H 1
| #define HAVE_STRUCT_UCONTEXT_UC_MCONTEXT 1
| #define HAVE_STRUCT_SIGCONTEXT_EIP 1
| /* end confdefs.h.  */
| #define _XOPEN_SOURCE 500
|                   #include <signal.h>
| 
| int
| main ()
| {
| static struct sigcontext ac_aggr;
| if (sizeof ac_aggr.sc_ip)
| return 0;
|   ;
|   return 0;
| }
configure:21375: result: no
configure:21385: checking for struct siginfo.si_faddr
configure:21410: gcc -c -g -O2  conftest.c >&5
conftest.c: In function 'main':
conftest.c:49: error: 'struct siginfo' has no member named 'si_faddr'
configure:21416: $? = 1
configure: failed program was:
| /* confdefs.h.  */
| 
| #define PACKAGE_NAME "google-perftools"
| #define PACKAGE_TARNAME "google-perftools"
| #define PACKAGE_VERSION "0.91"
| #define PACKAGE_STRING "google-perftools 0.91"
| #define PACKAGE_BUGREPORT "opensource@google.com"
| #define PACKAGE "google-perftools"
| #define VERSION "0.91"
| #ifdef __cplusplus
| extern "C" void std::exit (int) throw (); using std::exit;
| #endif
| #define STDC_HEADERS 1
| #define HAVE_SYS_TYPES_H 1
| #define HAVE_SYS_STAT_H 1
| #define HAVE_STDLIB_H 1
| #define HAVE_STRING_H 1
| #define HAVE_MEMORY_H 1
| #define HAVE_STRINGS_H 1
| #define HAVE_INTTYPES_H 1
| #define HAVE_STDINT_H 1
| #define HAVE_UNISTD_H 1
| #define HAVE_DLFCN_H 1
| #define HAVE___ATTRIBUTE__ 1
| #define STDC_HEADERS 1
| #define HAVE_STRUCT_MALLINFO 1
| #define HAVE_SBRK 1
| #define HAVE_MUNMAP 1
| #define HAVE_STDLIB_H 1
| #define HAVE_UNISTD_H 1
| #define HAVE_GETPAGESIZE 1
| #define HAVE_MMAP 1
| #define HAVE_EXECINFO_H 1
| #define HAVE_UNWIND_H 1
| #define HAVE_LINUX_PTRACE_H 1
| #define HAVE_SYSCALL_H 1
| #define HAVE_GRP_H 1
| #define HAVE_PWD_H 1
| #define HAVE_STRUCT_UCONTEXT_UC_MCONTEXT 1
| #define HAVE_STRUCT_SIGCONTEXT_EIP 1
| /* end confdefs.h.  */
| #define _XOPEN_SOURCE 500
|                   #include <signal.h>
| 
| int
| main ()
| {
| static struct siginfo ac_aggr;
| if (ac_aggr.si_faddr)
| return 0;
|   ;
|   return 0;
| }
configure:21455: gcc -c -g -O2  conftest.c >&5
conftest.c: In function 'main':
conftest.c:49: error: 'struct siginfo' has no member named 'si_faddr'
configure:21461: $? = 1
configure: failed program was:
| /* confdefs.h.  */
| 
| #define PACKAGE_NAME "google-perftools"
| #define PACKAGE_TARNAME "google-perftools"
| #define PACKAGE_VERSION "0.91"
| #define PACKAGE_STRING "google-perftools 0.91"
| #define PACKAGE_BUGREPORT "opensource@google.com"
| #define PACKAGE "google-perftools"
| #define VERSION "0.91"
| #ifdef __cplusplus
| extern "C" void std::exit (int) throw (); using std::exit;
| #endif
| #define STDC_HEADERS 1
| #define HAVE_SYS_TYPES_H 1
| #define HAVE_SYS_STAT_H 1
| #define HAVE_STDLIB_H 1
| #define HAVE_STRING_H 1
| #define HAVE_MEMORY_H 1
| #define HAVE_STRINGS_H 1
| #define HAVE_INTTYPES_H 1
| #define HAVE_STDINT_H 1
| #define HAVE_UNISTD_H 1
| #define HAVE_DLFCN_H 1
| #define HAVE___ATTRIBUTE__ 1
| #define STDC_HEADERS 1
| #define HAVE_STRUCT_MALLINFO 1
| #define HAVE_SBRK 1
| #define HAVE_MUNMAP 1
| #define HAVE_STDLIB_H 1
| #define HAVE_UNISTD_H 1
| #define HAVE_GETPAGESIZE 1
| #define HAVE_MMAP 1
| #define HAVE_EXECINFO_H 1
| #define HAVE_UNWIND_H 1
| #define HAVE_LINUX_PTRACE_H 1
| #define HAVE_SYSCALL_H 1
| #define HAVE_GRP_H 1
| #define HAVE_PWD_H 1
| #define HAVE_STRUCT_UCONTEXT_UC_MCONTEXT 1
| #define HAVE_STRUCT_SIGCONTEXT_EIP 1
| /* end confdefs.h.  */
| #define _XOPEN_SOURCE 500
|                   #include <signal.h>
| 
| int
| main ()
| {
| static struct siginfo ac_aggr;
| if (sizeof ac_aggr.si_faddr)
| return 0;
|   ;
|   return 0;
| }
configure:21486: result: no
configure:21496: checking for struct sigcontext.regs->nip
configure:21521: gcc -c -g -O2  conftest.c >&5
conftest.c: In function 'main':
conftest.c:49: error: 'struct sigcontext' has no member named 'regs'
configure:21527: $? = 1
configure: failed program was:
| /* confdefs.h.  */
| 
| #define PACKAGE_NAME "google-perftools"
| #define PACKAGE_TARNAME "google-perftools"
| #define PACKAGE_VERSION "0.91"
| #define PACKAGE_STRING "google-perftools 0.91"
| #define PACKAGE_BUGREPORT "opensource@google.com"
| #define PACKAGE "google-perftools"
| #define VERSION "0.91"
| #ifdef __cplusplus
| extern "C" void std::exit (int) throw (); using std::exit;
| #endif
| #define STDC_HEADERS 1
| #define HAVE_SYS_TYPES_H 1
| #define HAVE_SYS_STAT_H 1
| #define HAVE_STDLIB_H 1
| #define HAVE_STRING_H 1
| #define HAVE_MEMORY_H 1
| #define HAVE_STRINGS_H 1
| #define HAVE_INTTYPES_H 1
| #define HAVE_STDINT_H 1
| #define HAVE_UNISTD_H 1
| #define HAVE_DLFCN_H 1
| #define HAVE___ATTRIBUTE__ 1
| #define STDC_HEADERS 1
| #define HAVE_STRUCT_MALLINFO 1
| #define HAVE_SBRK 1
| #define HAVE_MUNMAP 1
| #define HAVE_STDLIB_H 1
| #define HAVE_UNISTD_H 1
| #define HAVE_GETPAGESIZE 1
| #define HAVE_MMAP 1
| #define HAVE_EXECINFO_H 1
| #define HAVE_UNWIND_H 1
| #define HAVE_LINUX_PTRACE_H 1
| #define HAVE_SYSCALL_H 1
| #define HAVE_GRP_H 1
| #define HAVE_PWD_H 1
| #define HAVE_STRUCT_UCONTEXT_UC_MCONTEXT 1
| #define HAVE_STRUCT_SIGCONTEXT_EIP 1
| /* end confdefs.h.  */
| #define _XOPEN_SOURCE 500
|                   #include <signal.h>
| 
| int
| main ()
| {
| static struct sigcontext ac_aggr;
| if (ac_aggr.regs->nip)
| return 0;
|   ;
|   return 0;
| }
configure:21566: gcc -c -g -O2  conftest.c >&5
conftest.c: In function 'main':
conftest.c:49: error: 'struct sigcontext' has no member named 'regs'
configure:21572: $? = 1
configure: failed program was:
| /* confdefs.h.  */
| 
| #define PACKAGE_NAME "google-perftools"
| #define PACKAGE_TARNAME "google-perftools"
| #define PACKAGE_VERSION "0.91"
| #define PACKAGE_STRING "google-perftools 0.91"
| #define PACKAGE_BUGREPORT "opensource@google.com"
| #define PACKAGE "google-perftools"
| #define VERSION "0.91"
| #ifdef __cplusplus
| extern "C" void std::exit (int) throw (); using std::exit;
| #endif
| #define STDC_HEADERS 1
| #define HAVE_SYS_TYPES_H 1
| #define HAVE_SYS_STAT_H 1
| #define HAVE_STDLIB_H 1
| #define HAVE_STRING_H 1
| #define HAVE_MEMORY_H 1
| #define HAVE_STRINGS_H 1
| #define HAVE_INTTYPES_H 1
| #define HAVE_STDINT_H 1
| #define HAVE_UNISTD_H 1
| #define HAVE_DLFCN_H 1
| #define HAVE___ATTRIBUTE__ 1
| #define STDC_HEADERS 1
| #define HAVE_STRUCT_MALLINFO 1
| #define HAVE_SBRK 1
| #define HAVE_MUNMAP 1
| #define HAVE_STDLIB_H 1
| #define HAVE_UNISTD_H 1
| #define HAVE_GETPAGESIZE 1
| #define HAVE_MMAP 1
| #define HAVE_EXECINFO_H 1
| #define HAVE_UNWIND_H 1
| #define HAVE_LINUX_PTRACE_H 1
| #define HAVE_SYSCALL_H 1
| #define HAVE_GRP_H 1
| #define HAVE_PWD_H 1
| #define HAVE_STRUCT_UCONTEXT_UC_MCONTEXT 1
| #define HAVE_STRUCT_SIGCONTEXT_EIP 1
| /* end confdefs.h.  */
| #define _XOPEN_SOURCE 500
|                   #include <signal.h>
| 
| int
| main ()
| {
| static struct sigcontext ac_aggr;
| if (sizeof ac_aggr.regs->nip)
| return 0;
|   ;
|   return 0;
| }
configure:21597: result: no
configure:21610: checking for backtrace in -lunwind
configure:21640: gcc -o conftest -g -O2   conftest.c -lunwind   >&5
/usr/bin/ld: cannot find -lunwind
collect2: ld returned 1 exit status
configure:21646: $? = 1
configure: failed program was:
| /* confdefs.h.  */
| 
| #define PACKAGE_NAME "google-perftools"
| #define PACKAGE_TARNAME "google-perftools"
| #define PACKAGE_VERSION "0.91"
| #define PACKAGE_STRING "google-perftools 0.91"
| #define PACKAGE_BUGREPORT "opensource@google.com"
| #define PACKAGE "google-perftools"
| #define VERSION "0.91"
| #ifdef __cplusplus
| extern "C" void std::exit (int) throw (); using std::exit;
| #endif
| #define STDC_HEADERS 1
| #define HAVE_SYS_TYPES_H 1
| #define HAVE_SYS_STAT_H 1
| #define HAVE_STDLIB_H 1
| #define HAVE_STRING_H 1
| #define HAVE_MEMORY_H 1
| #define HAVE_STRINGS_H 1
| #define HAVE_INTTYPES_H 1
| #define HAVE_STDINT_H 1
| #define HAVE_UNISTD_H 1
| #define HAVE_DLFCN_H 1
| #define HAVE___ATTRIBUTE__ 1
| #define STDC_HEADERS 1
| #define HAVE_STRUCT_MALLINFO 1
| #define HAVE_SBRK 1
| #define HAVE_MUNMAP 1
| #define HAVE_STDLIB_H 1
| #define HAVE_UNISTD_H 1
| #define HAVE_GETPAGESIZE 1
| #define HAVE_MMAP 1
| #define HAVE_EXECINFO_H 1
| #define HAVE_UNWIND_H 1
| #define HAVE_LINUX_PTRACE_H 1
| #define HAVE_SYSCALL_H 1
| #define HAVE_GRP_H 1
| #define HAVE_PWD_H 1
| #define HAVE_STRUCT_UCONTEXT_UC_MCONTEXT 1
| #define HAVE_STRUCT_SIGCONTEXT_EIP 1
| /* end confdefs.h.  */
| 
| /* Override any gcc2 internal prototype to avoid an error.  */
| #ifdef __cplusplus
| extern "C"
| #endif
| /* We use char because int might match the return type of a gcc2
|    builtin and then its argument prototype would still apply.  */
| char backtrace ();
| int
| main ()
| {
| backtrace ();
|   ;
|   return 0;
| }
configure:21671: result: no
configure:21706: gcc -c -g -O2  conftest.c >&5
conftest.c: In function 'main':
conftest.c:46: error: '__x86_64__' undeclared (first use in this function)
conftest.c:46: error: (Each undeclared identifier is reported only once
conftest.c:46: error: for each function it appears in.)
configure:21712: $? = 1
configure: failed program was:
| /* confdefs.h.  */
| 
| #define PACKAGE_NAME "google-perftools"
| #define PACKAGE_TARNAME "google-perftools"
| #define PACKAGE_VERSION "0.91"
| #define PACKAGE_STRING "google-perftools 0.91"
| #define PACKAGE_BUGREPORT "opensource@google.com"
| #define PACKAGE "google-perftools"
| #define VERSION "0.91"
| #ifdef __cplusplus
| extern "C" void std::exit (int) throw (); using std::exit;
| #endif
| #define STDC_HEADERS 1
| #define HAVE_SYS_TYPES_H 1
| #define HAVE_SYS_STAT_H 1
| #define HAVE_STDLIB_H 1
| #define HAVE_STRING_H 1
| #define HAVE_MEMORY_H 1
| #define HAVE_STRINGS_H 1
| #define HAVE_INTTYPES_H 1
| #define HAVE_STDINT_H 1
| #define HAVE_UNISTD_H 1
| #define HAVE_DLFCN_H 1
| #define HAVE___ATTRIBUTE__ 1
| #define STDC_HEADERS 1
| #define HAVE_STRUCT_MALLINFO 1
| #define HAVE_SBRK 1
| #define HAVE_MUNMAP 1
| #define HAVE_STDLIB_H 1
| #define HAVE_UNISTD_H 1
| #define HAVE_GETPAGESIZE 1
| #define HAVE_MMAP 1
| #define HAVE_EXECINFO_H 1
| #define HAVE_UNWIND_H 1
| #define HAVE_LINUX_PTRACE_H 1
| #define HAVE_SYSCALL_H 1
| #define HAVE_GRP_H 1
| #define HAVE_PWD_H 1
| #define HAVE_STRUCT_UCONTEXT_UC_MCONTEXT 1
| #define HAVE_STRUCT_SIGCONTEXT_EIP 1
| /* end confdefs.h.  */
| 
| int
| main ()
| {
| return __x86_64__ == 1 ? 0 : 1
|   ;
|   return 0;
| }
configure:21745: checking printf format code for printing a size_t and ssize_t
configure:21766: gcc -c -g -O2  conftest.c >&5
configure:21772: $? = 0
configure:21775: test -z 			 || test ! -s conftest.err
configure:21778: $? = 0
configure:21781: test -s conftest.o
configure:21784: $? = 0
configure:21809: gcc -c -g -O2  conftest.c >&5
conftest.c: In function 'main':
conftest.c:46: error: invalid operands to binary -
configure:21815: $? = 1
configure: failed program was:
| /* confdefs.h.  */
| 
| #define PACKAGE_NAME "google-perftools"
| #define PACKAGE_TARNAME "google-perftools"
| #define PACKAGE_VERSION "0.91"
| #define PACKAGE_STRING "google-perftools 0.91"
| #define PACKAGE_BUGREPORT "opensource@google.com"
| #define PACKAGE "google-perftools"
| #define VERSION "0.91"
| #ifdef __cplusplus
| extern "C" void std::exit (int) throw (); using std::exit;
| #endif
| #define STDC_HEADERS 1
| #define HAVE_SYS_TYPES_H 1
| #define HAVE_SYS_STAT_H 1
| #define HAVE_STDLIB_H 1
| #define HAVE_STRING_H 1
| #define HAVE_MEMORY_H 1
| #define HAVE_STRINGS_H 1
| #define HAVE_INTTYPES_H 1
| #define HAVE_STDINT_H 1
| #define HAVE_UNISTD_H 1
| #define HAVE_DLFCN_H 1
| #define HAVE___ATTRIBUTE__ 1
| #define STDC_HEADERS 1
| #define HAVE_STRUCT_MALLINFO 1
| #define HAVE_SBRK 1
| #define HAVE_MUNMAP 1
| #define HAVE_STDLIB_H 1
| #define HAVE_UNISTD_H 1
| #define HAVE_GETPAGESIZE 1
| #define HAVE_MMAP 1
| #define HAVE_EXECINFO_H 1
| #define HAVE_UNWIND_H 1
| #define HAVE_LINUX_PTRACE_H 1
| #define HAVE_SYSCALL_H 1
| #define HAVE_GRP_H 1
| #define HAVE_PWD_H 1
| #define HAVE_STRUCT_UCONTEXT_UC_MCONTEXT 1
| #define HAVE_STRUCT_SIGCONTEXT_EIP 1
| /* end confdefs.h.  */
| #include <stddef.h>
| int
| main ()
| {
| unsigned long v1 = 0; size_t v2 = 0; return (&v1 - &v2)
|   ;
|   return 0;
| }
configure:21852: gcc -c -g -O2  conftest.c >&5
conftest.c: In function 'main':
conftest.c:46: error: invalid operands to binary -
configure:21858: $? = 1
configure: failed program was:
| /* confdefs.h.  */
| 
| #define PACKAGE_NAME "google-perftools"
| #define PACKAGE_TARNAME "google-perftools"
| #define PACKAGE_VERSION "0.91"
| #define PACKAGE_STRING "google-perftools 0.91"
| #define PACKAGE_BUGREPORT "opensource@google.com"
| #define PACKAGE "google-perftools"
| #define VERSION "0.91"
| #ifdef __cplusplus
| extern "C" void std::exit (int) throw (); using std::exit;
| #endif
| #define STDC_HEADERS 1
| #define HAVE_SYS_TYPES_H 1
| #define HAVE_SYS_STAT_H 1
| #define HAVE_STDLIB_H 1
| #define HAVE_STRING_H 1
| #define HAVE_MEMORY_H 1
| #define HAVE_STRINGS_H 1
| #define HAVE_INTTYPES_H 1
| #define HAVE_STDINT_H 1
| #define HAVE_UNISTD_H 1
| #define HAVE_DLFCN_H 1
| #define HAVE___ATTRIBUTE__ 1
| #define STDC_HEADERS 1
| #define HAVE_STRUCT_MALLINFO 1
| #define HAVE_SBRK 1
| #define HAVE_MUNMAP 1
| #define HAVE_STDLIB_H 1
| #define HAVE_UNISTD_H 1
| #define HAVE_GETPAGESIZE 1
| #define HAVE_MMAP 1
| #define HAVE_EXECINFO_H 1
| #define HAVE_UNWIND_H 1
| #define HAVE_LINUX_PTRACE_H 1
| #define HAVE_SYSCALL_H 1
| #define HAVE_GRP_H 1
| #define HAVE_PWD_H 1
| #define HAVE_STRUCT_UCONTEXT_UC_MCONTEXT 1
| #define HAVE_STRUCT_SIGCONTEXT_EIP 1
| /* end confdefs.h.  */
| #include <stddef.h>
| int
| main ()
| {
| unsigned long long v1 = 0; size_t v2 = 0; return (&v1 - &v2)
|   ;
|   return 0;
| }
configure:21881: result: 
configure:21904: checking for __builtin_stack_pointer()
configure:21922: gcc -o conftest -g -O2   conftest.c  >&5
conftest.c: In function 'main':
conftest.c:50: warning: initialization makes pointer from integer without a cast
/tmp/ccIlU6RD.o(.text+0xd): In function `main':
/nfs/sting/users2/emery/tmp/google-perftools-0.91/conftest.c:50: undefined reference to `__builtin_stack_pointer'
collect2: ld returned 1 exit status
configure:21928: $? = 1
configure: failed program was:
| /* confdefs.h.  */
| 
| #define PACKAGE_NAME "google-perftools"
| #define PACKAGE_TARNAME "google-perftools"
| #define PACKAGE_VERSION "0.91"
| #define PACKAGE_STRING "google-perftools 0.91"
| #define PACKAGE_BUGREPORT "opensource@google.com"
| #define PACKAGE "google-perftools"
| #define VERSION "0.91"
| #ifdef __cplusplus
| extern "C" void std::exit (int) throw (); using std::exit;
| #endif
| #define STDC_HEADERS 1
| #define HAVE_SYS_TYPES_H 1
| #define HAVE_SYS_STAT_H 1
| #define HAVE_STDLIB_H 1
| #define HAVE_STRING_H 1
| #define HAVE_MEMORY_H 1
| #define HAVE_STRINGS_H 1
| #define HAVE_INTTYPES_H 1
| #define HAVE_STDINT_H 1
| #define HAVE_UNISTD_H 1
| #define HAVE_DLFCN_H 1
| #define HAVE___ATTRIBUTE__ 1
| #define STDC_HEADERS 1
| #define HAVE_STRUCT_MALLINFO 1
| #define HAVE_SBRK 1
| #define HAVE_MUNMAP 1
| #define HAVE_STDLIB_H 1
| #define HAVE_UNISTD_H 1
| #define HAVE_GETPAGESIZE 1
| #define HAVE_MMAP 1
| #define HAVE_EXECINFO_H 1
| #define HAVE_UNWIND_H 1
| #define HAVE_LINUX_PTRACE_H 1
| #define HAVE_SYSCALL_H 1
| #define HAVE_GRP_H 1
| #define HAVE_PWD_H 1
| #define HAVE_STRUCT_UCONTEXT_UC_MCONTEXT 1
| #define HAVE_STRUCT_SIGCONTEXT_EIP 1
| #define PRIuS "zu"
| #define PRIxS "zx"
| #define PRIdS "zd"
| /* end confdefs.h.  */
| 
| int
| main ()
| {
| void *sp = __builtin_stack_pointer()
|   ;
|   return 0;
| }
configure:21953: result: no
configure:21960: checking for __thread
configure:21978: gcc -o conftest -g -O2   conftest.c  >&5
configure:21984: $? = 0
configure:21987: test -z 			 || test ! -s conftest.err
configure:21990: $? = 0
configure:21993: test -s conftest
configure:21996: $? = 0
configure:22003: result: yes
configure:22016: checking whether uname is declared
configure:22041: gcc -c -g -O2  conftest.c >&5
configure:22047: $? = 0
configure:22050: test -z 			 || test ! -s conftest.err
configure:22053: $? = 0
configure:22056: test -s conftest.o
configure:22059: $? = 0
configure:22070: result: yes
configure:22282: checking for the pthreads library -lpthreads
configure:22320: gcc -o conftest -g -O2    conftest.c -lpthreads  >&5
/usr/bin/ld: cannot find -lpthreads
collect2: ld returned 1 exit status
configure:22326: $? = 1
configure: failed program was:
| /* confdefs.h.  */
| 
| #define PACKAGE_NAME "google-perftools"
| #define PACKAGE_TARNAME "google-perftools"
| #define PACKAGE_VERSION "0.91"
| #define PACKAGE_STRING "google-perftools 0.91"
| #define PACKAGE_BUGREPORT "opensource@google.com"
| #define PACKAGE "google-perftools"
| #define VERSION "0.91"
| #ifdef __cplusplus
| extern "C" void std::exit (int) throw (); using std::exit;
| #endif
| #define STDC_HEADERS 1
| #define HAVE_SYS_TYPES_H 1
| #define HAVE_SYS_STAT_H 1
| #define HAVE_STDLIB_H 1
| #define HAVE_STRING_H 1
| #define HAVE_MEMORY_H 1
| #define HAVE_STRINGS_H 1
| #define HAVE_INTTYPES_H 1
| #define HAVE_STDINT_H 1
| #define HAVE_UNISTD_H 1
| #define HAVE_DLFCN_H 1
| #define HAVE___ATTRIBUTE__ 1
| #define STDC_HEADERS 1
| #define HAVE_STRUCT_MALLINFO 1
| #define HAVE_SBRK 1
| #define HAVE_MUNMAP 1
| #define HAVE_STDLIB_H 1
| #define HAVE_UNISTD_H 1
| #define HAVE_GETPAGESIZE 1
| #define HAVE_MMAP 1
| #define HAVE_EXECINFO_H 1
| #define HAVE_UNWIND_H 1
| #define HAVE_LINUX_PTRACE_H 1
| #define HAVE_SYSCALL_H 1
| #define HAVE_GRP_H 1
| #define HAVE_PWD_H 1
| #define HAVE_STRUCT_UCONTEXT_UC_MCONTEXT 1
| #define HAVE_STRUCT_SIGCONTEXT_EIP 1
| #define PRIuS "zu"
| #define PRIxS "zx"
| #define PRIdS "zd"
| #define HAVE_TLS 1
| #define HAVE_DECL_UNAME 1
| /* end confdefs.h.  */
| #include <pthread.h>
| int
| main ()
| {
| pthread_t th; pthread_join(th, 0);
|                      pthread_attr_init(0); pthread_cleanup_push(0, 0);
|                      pthread_create(0,0,0,0); pthread_cleanup_pop(0);
|   ;
|   return 0;
| }
configure:22352: result: no
configure:22229: checking whether pthreads work without any flags
configure:22320: gcc -o conftest -g -O2    conftest.c   >&5
/tmp/cc4SyCmG.o(.text+0x1a): In function `main':
/nfs/sting/users2/emery/tmp/google-perftools-0.91/conftest.c:51: undefined reference to `pthread_join'
/tmp/cc4SyCmG.o(.text+0x3a):/nfs/sting/users2/emery/tmp/google-perftools-0.91/conftest.c:52: undefined reference to `_pthread_cleanup_push'
/tmp/cc4SyCmG.o(.text+0x58):/nfs/sting/users2/emery/tmp/google-perftools-0.91/conftest.c:53: undefined reference to `pthread_create'
/tmp/cc4SyCmG.o(.text+0x66):/nfs/sting/users2/emery/tmp/google-perftools-0.91/conftest.c:53: undefined reference to `_pthread_cleanup_pop'
collect2: ld returned 1 exit status
configure:22326: $? = 1
configure: failed program was:
| /* confdefs.h.  */
| 
| #define PACKAGE_NAME "google-perftools"
| #define PACKAGE_TARNAME "google-perftools"
| #define PACKAGE_VERSION "0.91"
| #define PACKAGE_STRING "google-perftools 0.91"
| #define PACKAGE_BUGREPORT "opensource@google.com"
| #define PACKAGE "google-perftools"
| #define VERSION "0.91"
| #ifdef __cplusplus
| extern "C" void std::exit (int) throw (); using std::exit;
| #endif
| #define STDC_HEADERS 1
| #define HAVE_SYS_TYPES_H 1
| #define HAVE_SYS_STAT_H 1
| #define HAVE_STDLIB_H 1
| #define HAVE_STRING_H 1
| #define HAVE_MEMORY_H 1
| #define HAVE_STRINGS_H 1
| #define HAVE_INTTYPES_H 1
| #define HAVE_STDINT_H 1
| #define HAVE_UNISTD_H 1
| #define HAVE_DLFCN_H 1
| #define HAVE___ATTRIBUTE__ 1
| #define STDC_HEADERS 1
| #define HAVE_STRUCT_MALLINFO 1
| #define HAVE_SBRK 1
| #define HAVE_MUNMAP 1
| #define HAVE_STDLIB_H 1
| #define HAVE_UNISTD_H 1
| #define HAVE_GETPAGESIZE 1
| #define HAVE_MMAP 1
| #define HAVE_EXECINFO_H 1
| #define HAVE_UNWIND_H 1
| #define HAVE_LINUX_PTRACE_H 1
| #define HAVE_SYSCALL_H 1
| #define HAVE_GRP_H 1
| #define HAVE_PWD_H 1
| #define HAVE_STRUCT_UCONTEXT_UC_MCONTEXT 1
| #define HAVE_STRUCT_SIGCONTEXT_EIP 1
| #define PRIuS "zu"
| #define PRIxS "zx"
| #define PRIdS "zd"
| #define HAVE_TLS 1
| #define HAVE_DECL_UNAME 1
| /* end confdefs.h.  */
| #include <pthread.h>
| int
| main ()
| {
| pthread_t th; pthread_join(th, 0);
|                      pthread_attr_init(0); pthread_cleanup_push(0, 0);
|                      pthread_create(0,0,0,0); pthread_cleanup_pop(0);
|   ;
|   return 0;
| }
configure:22352: result: no
configure:22234: checking whether pthreads work with -Kthread
configure:22320: gcc -o conftest -g -O2 -Kthread   conftest.c   >&5
gcc: unrecognized option '-Kthread'
/tmp/ccWzWD7S.o(.text+0x1a): In function `main':
/nfs/sting/users2/emery/tmp/google-perftools-0.91/conftest.c:51: undefined reference to `pthread_join'
/tmp/ccWzWD7S.o(.text+0x3a):/nfs/sting/users2/emery/tmp/google-perftools-0.91/conftest.c:52: undefined reference to `_pthread_cleanup_push'
/tmp/ccWzWD7S.o(.text+0x58):/nfs/sting/users2/emery/tmp/google-perftools-0.91/conftest.c:53: undefined reference to `pthread_create'
/tmp/ccWzWD7S.o(.text+0x66):/nfs/sting/users2/emery/tmp/google-perftools-0.91/conftest.c:53: undefined reference to `_pthread_cleanup_pop'
collect2: ld returned 1 exit status
configure:22326: $? = 1
configure: failed program was:
| /* confdefs.h.  */
| 
| #define PACKAGE_NAME "google-perftools"
| #define PACKAGE_TARNAME "google-perftools"
| #define PACKAGE_VERSION "0.91"
| #define PACKAGE_STRING "google-perftools 0.91"
| #define PACKAGE_BUGREPORT "opensource@google.com"
| #define PACKAGE "google-perftools"
| #define VERSION "0.91"
| #ifdef __cplusplus
| extern "C" void std::exit (int) throw (); using std::exit;
| #endif
| #define STDC_HEADERS 1
| #define HAVE_SYS_TYPES_H 1
| #define HAVE_SYS_STAT_H 1
| #define HAVE_STDLIB_H 1
| #define HAVE_STRING_H 1
| #define HAVE_MEMORY_H 1
| #define HAVE_STRINGS_H 1
| #define HAVE_INTTYPES_H 1
| #define HAVE_STDINT_H 1
| #define HAVE_UNISTD_H 1
| #define HAVE_DLFCN_H 1
| #define HAVE___ATTRIBUTE__ 1
| #define STDC_HEADERS 1
| #define HAVE_STRUCT_MALLINFO 1
| #define HAVE_SBRK 1
| #define HAVE_MUNMAP 1
| #define HAVE_STDLIB_H 1
| #define HAVE_UNISTD_H 1
| #define HAVE_GETPAGESIZE 1
| #define HAVE_MMAP 1
| #define HAVE_EXECINFO_H 1
| #define HAVE_UNWIND_H 1
| #define HAVE_LINUX_PTRACE_H 1
| #define HAVE_SYSCALL_H 1
| #define HAVE_GRP_H 1
| #define HAVE_PWD_H 1
| #define HAVE_STRUCT_UCONTEXT_UC_MCONTEXT 1
| #define HAVE_STRUCT_SIGCONTEXT_EIP 1
| #define PRIuS "zu"
| #define PRIxS "zx"
| #define PRIdS "zd"
| #define HAVE_TLS 1
| #define HAVE_DECL_UNAME 1
| /* end confdefs.h.  */
| #include <pthread.h>
| int
| main ()
| {
| pthread_t th; pthread_join(th, 0);
|                      pthread_attr_init(0); pthread_cleanup_push(0, 0);
|                      pthread_create(0,0,0,0); pthread_cleanup_pop(0);
|   ;
|   return 0;
| }
configure:22352: result: no
configure:22234: checking whether pthreads work with -kthread
configure:22320: gcc -o conftest -g -O2 -kthread   conftest.c   >&5
gcc: unrecognized option '-kthread'
/tmp/ccMVZyTc.o(.text+0x1a): In function `main':
/nfs/sting/users2/emery/tmp/google-perftools-0.91/conftest.c:51: undefined reference to `pthread_join'
/tmp/ccMVZyTc.o(.text+0x3a):/nfs/sting/users2/emery/tmp/google-perftools-0.91/conftest.c:52: undefined reference to `_pthread_cleanup_push'
/tmp/ccMVZyTc.o(.text+0x58):/nfs/sting/users2/emery/tmp/google-perftools-0.91/conftest.c:53: undefined reference to `pthread_create'
/tmp/ccMVZyTc.o(.text+0x66):/nfs/sting/users2/emery/tmp/google-perftools-0.91/conftest.c:53: undefined reference to `_pthread_cleanup_pop'
collect2: ld returned 1 exit status
configure:22326: $? = 1
configure: failed program was:
| /* confdefs.h.  */
| 
| #define PACKAGE_NAME "google-perftools"
| #define PACKAGE_TARNAME "google-perftools"
| #define PACKAGE_VERSION "0.91"
| #define PACKAGE_STRING "google-perftools 0.91"
| #define PACKAGE_BUGREPORT "opensource@google.com"
| #define PACKAGE "google-perftools"
| #define VERSION "0.91"
| #ifdef __cplusplus
| extern "C" void std::exit (int) throw (); using std::exit;
| #endif
| #define STDC_HEADERS 1
| #define HAVE_SYS_TYPES_H 1
| #define HAVE_SYS_STAT_H 1
| #define HAVE_STDLIB_H 1
| #define HAVE_STRING_H 1
| #define HAVE_MEMORY_H 1
| #define HAVE_STRINGS_H 1
| #define HAVE_INTTYPES_H 1
| #define HAVE_STDINT_H 1
| #define HAVE_UNISTD_H 1
| #define HAVE_DLFCN_H 1
| #define HAVE___ATTRIBUTE__ 1
| #define STDC_HEADERS 1
| #define HAVE_STRUCT_MALLINFO 1
| #define HAVE_SBRK 1
| #define HAVE_MUNMAP 1
| #define HAVE_STDLIB_H 1
| #define HAVE_UNISTD_H 1
| #define HAVE_GETPAGESIZE 1
| #define HAVE_MMAP 1
| #define HAVE_EXECINFO_H 1
| #define HAVE_UNWIND_H 1
| #define HAVE_LINUX_PTRACE_H 1
| #define HAVE_SYSCALL_H 1
| #define HAVE_GRP_H 1
| #define HAVE_PWD_H 1
| #define HAVE_STRUCT_UCONTEXT_UC_MCONTEXT 1
| #define HAVE_STRUCT_SIGCONTEXT_EIP 1
| #define PRIuS "zu"
| #define PRIxS "zx"
| #define PRIdS "zd"
| #define HAVE_TLS 1
| #define HAVE_DECL_UNAME 1
| /* end confdefs.h.  */
| #include <pthread.h>
| int
| main ()
| {
| pthread_t th; pthread_join(th, 0);
|                      pthread_attr_init(0); pthread_cleanup_push(0, 0);
|                      pthread_create(0,0,0,0); pthread_cleanup_pop(0);
|   ;
|   return 0;
| }
configure:22352: result: no
configure:22282: checking for the pthreads library -llthread
configure:22320: gcc -o conftest -g -O2    conftest.c -llthread  >&5
/usr/bin/ld: cannot find -llthread
collect2: ld returned 1 exit status
configure:22326: $? = 1
configure: failed program was:
| /* confdefs.h.  */
| 
| #define PACKAGE_NAME "google-perftools"
| #define PACKAGE_TARNAME "google-perftools"
| #define PACKAGE_VERSION "0.91"
| #define PACKAGE_STRING "google-perftools 0.91"
| #define PACKAGE_BUGREPORT "opensource@google.com"
| #define PACKAGE "google-perftools"
| #define VERSION "0.91"
| #ifdef __cplusplus
| extern "C" void std::exit (int) throw (); using std::exit;
| #endif
| #define STDC_HEADERS 1
| #define HAVE_SYS_TYPES_H 1
| #define HAVE_SYS_STAT_H 1
| #define HAVE_STDLIB_H 1
| #define HAVE_STRING_H 1
| #define HAVE_MEMORY_H 1
| #define HAVE_STRINGS_H 1
| #define HAVE_INTTYPES_H 1
| #define HAVE_STDINT_H 1
| #define HAVE_UNISTD_H 1
| #define HAVE_DLFCN_H 1
| #define HAVE___ATTRIBUTE__ 1
| #define STDC_HEADERS 1
| #define HAVE_STRUCT_MALLINFO 1
| #define HAVE_SBRK 1
| #define HAVE_MUNMAP 1
| #define HAVE_STDLIB_H 1
| #define HAVE_UNISTD_H 1
| #define HAVE_GETPAGESIZE 1
| #define HAVE_MMAP 1
| #define HAVE_EXECINFO_H 1
| #define HAVE_UNWIND_H 1
| #define HAVE_LINUX_PTRACE_H 1
| #define HAVE_SYSCALL_H 1
| #define HAVE_GRP_H 1
| #define HAVE_PWD_H 1
| #define HAVE_STRUCT_UCONTEXT_UC_MCONTEXT 1
| #define HAVE_STRUCT_SIGCONTEXT_EIP 1
| #define PRIuS "zu"
| #define PRIxS "zx"
| #define PRIdS "zd"
| #define HAVE_TLS 1
| #define HAVE_DECL_UNAME 1
| /* end confdefs.h.  */
| #include <pthread.h>
| int
| main ()
| {
| pthread_t th; pthread_join(th, 0);
|                      pthread_attr_init(0); pthread_cleanup_push(0, 0);
|                      pthread_create(0,0,0,0); pthread_cleanup_pop(0);
|   ;
|   return 0;
| }
configure:22352: result: no
configure:22234: checking whether pthreads work with -pthread
configure:22320: gcc -o conftest -g -O2 -pthread   conftest.c   >&5
configure:22326: $? = 0
configure:22329: test -z 			 || test ! -s conftest.err
configure:22332: $? = 0
configure:22335: test -s conftest
configure:22338: $? = 0
configure:22352: result: yes
configure:22371: checking for joinable pthread attribute
configure:22391: gcc -o conftest -g -O2 -pthread   conftest.c   >&5
configure:22397: $? = 0
configure:22400: test -z 			 || test ! -s conftest.err
configure:22403: $? = 0
configure:22406: test -s conftest
configure:22409: $? = 0
configure:22420: result: PTHREAD_CREATE_JOINABLE
configure:22430: checking if more special flags are required for pthreads
configure:22437: result: no
configure:22449: checking for cc_r
configure:22476: result: gcc
configure:22491: checking whether to check for GCC pthread/shared inconsistencies
configure:22497: result: yes
configure:22523: checking whether -pthread is sufficient with -shared
configure:22543: gcc -o conftest -shared -fPIC -Wl,-z,defs -g -O2 -pthread   conftest.c   >&5
configure:22549: $? = 0
configure:22552: test -z 			 || test ! -s conftest.err
configure:22555: $? = 0
configure:22558: test -s conftest
configure:22561: $? = 0
configure:22573: result: yes
configure:22749: checking whether the compiler implements namespaces
configure:22779: g++ -c -g -O2  conftest.cc >&5
configure:22785: $? = 0
configure:22788: test -z 			 || test ! -s conftest.err
configure:22791: $? = 0
configure:22794: test -s conftest.o
configure:22797: $? = 0
configure:22814: result: yes
configure:22823: checking what namespace STL code is in
configure:22853: g++ -c -g -O2  conftest.cc >&5
conftest.cc: In function 'int main()':
conftest.cc:53: error: 'vector' was not declared in this scope
conftest.cc:53: error: expected primary-expression before 'int'
conftest.cc:53: error: expected `;' before 'int'
configure:22859: $? = 1
configure: failed program was:
| /* confdefs.h.  */
| 
| #define PACKAGE_NAME "google-perftools"
| #define PACKAGE_TARNAME "google-perftools"
| #define PACKAGE_VERSION "0.91"
| #define PACKAGE_STRING "google-perftools 0.91"
| #define PACKAGE_BUGREPORT "opensource@google.com"
| #define PACKAGE "google-perftools"
| #define VERSION "0.91"
| #ifdef __cplusplus
| extern "C" void std::exit (int) throw (); using std::exit;
| #endif
| #define STDC_HEADERS 1
| #define HAVE_SYS_TYPES_H 1
| #define HAVE_SYS_STAT_H 1
| #define HAVE_STDLIB_H 1
| #define HAVE_STRING_H 1
| #define HAVE_MEMORY_H 1
| #define HAVE_STRINGS_H 1
| #define HAVE_INTTYPES_H 1
| #define HAVE_STDINT_H 1
| #define HAVE_UNISTD_H 1
| #define HAVE_DLFCN_H 1
| #define HAVE___ATTRIBUTE__ 1
| #define STDC_HEADERS 1
| #define HAVE_STRUCT_MALLINFO 1
| #define HAVE_SBRK 1
| #define HAVE_MUNMAP 1
| #define HAVE_STDLIB_H 1
| #define HAVE_UNISTD_H 1
| #define HAVE_GETPAGESIZE 1
| #define HAVE_MMAP 1
| #define HAVE_EXECINFO_H 1
| #define HAVE_UNWIND_H 1
| #define HAVE_LINUX_PTRACE_H 1
| #define HAVE_SYSCALL_H 1
| #define HAVE_GRP_H 1
| #define HAVE_PWD_H 1
| #define HAVE_STRUCT_UCONTEXT_UC_MCONTEXT 1
| #define HAVE_STRUCT_SIGCONTEXT_EIP 1
| #define PRIuS "zu"
| #define PRIxS "zx"
| #define PRIdS "zd"
| #define HAVE_TLS 1
| #define HAVE_DECL_UNAME 1
| #define HAVE_PTHREAD 1
| #define HAVE_NAMESPACES 1
| /* end confdefs.h.  */
| #include <vector>
| int
| main ()
| {
| vector<int> t; return 0;
|   ;
|   return 0;
| }
configure:22896: g++ -c -g -O2  conftest.cc >&5
configure:22902: $? = 0
configure:22905: test -z 			 || test ! -s conftest.err
configure:22908: $? = 0
configure:22911: test -s conftest.o
configure:22914: $? = 0
configure:22930: result: std
configure:22948: checking location of STL hash_map
configure:22978: g++ -c -g -O2  conftest.cc >&5
conftest.cc:50:20: error: hash_map: No such file or directory
conftest.cc: In function 'int main()':
conftest.cc:54: error: 'hash_map' was not declared in this scope
conftest.cc:54: error: expected primary-expression before 'int'
conftest.cc:54: error: expected `;' before 'int'
configure:22984: $? = 1
configure: failed program was:
| /* confdefs.h.  */
| 
| #define PACKAGE_NAME "google-perftools"
| #define PACKAGE_TARNAME "google-perftools"
| #define PACKAGE_VERSION "0.91"
| #define PACKAGE_STRING "google-perftools 0.91"
| #define PACKAGE_BUGREPORT "opensource@google.com"
| #define PACKAGE "google-perftools"
| #define VERSION "0.91"
| #ifdef __cplusplus
| extern "C" void std::exit (int) throw (); using std::exit;
| #endif
| #define STDC_HEADERS 1
| #define HAVE_SYS_TYPES_H 1
| #define HAVE_SYS_STAT_H 1
| #define HAVE_STDLIB_H 1
| #define HAVE_STRING_H 1
| #define HAVE_MEMORY_H 1
| #define HAVE_STRINGS_H 1
| #define HAVE_INTTYPES_H 1
| #define HAVE_STDINT_H 1
| #define HAVE_UNISTD_H 1
| #define HAVE_DLFCN_H 1
| #define HAVE___ATTRIBUTE__ 1
| #define STDC_HEADERS 1
| #define HAVE_STRUCT_MALLINFO 1
| #define HAVE_SBRK 1
| #define HAVE_MUNMAP 1
| #define HAVE_STDLIB_H 1
| #define HAVE_UNISTD_H 1
| #define HAVE_GETPAGESIZE 1
| #define HAVE_MMAP 1
| #define HAVE_EXECINFO_H 1
| #define HAVE_UNWIND_H 1
| #define HAVE_LINUX_PTRACE_H 1
| #define HAVE_SYSCALL_H 1
| #define HAVE_GRP_H 1
| #define HAVE_PWD_H 1
| #define HAVE_STRUCT_UCONTEXT_UC_MCONTEXT 1
| #define HAVE_STRUCT_SIGCONTEXT_EIP 1
| #define PRIuS "zu"
| #define PRIxS "zx"
| #define PRIdS "zd"
| #define HAVE_TLS 1
| #define HAVE_DECL_UNAME 1
| #define HAVE_PTHREAD 1
| #define HAVE_NAMESPACES 1
| #define STL_NAMESPACE std
| /* end confdefs.h.  */
| #include <hash_map>
| int
| main ()
| {
| hash_map<int, int> t; return 0;
|   ;
|   return 0;
| }
configure:23021: g++ -c -g -O2  conftest.cc >&5
configure:23027: $? = 0
configure:23030: test -z 			 || test ! -s conftest.err
configure:23033: $? = 0
configure:23036: test -s conftest.o
configure:23039: $? = 0
configure:23064: g++ -c -g -O2  conftest.cc >&5
conftest.cc:50:20: error: hash_map: No such file or directory
conftest.cc: In function 'int main()':
conftest.cc:54: error: 'hash_map' is not a member of 'std'
conftest.cc:54: error: expected primary-expression before 'int'
conftest.cc:54: error: expected `;' before 'int'
configure:23070: $? = 1
configure: failed program was:
| /* confdefs.h.  */
| 
| #define PACKAGE_NAME "google-perftools"
| #define PACKAGE_TARNAME "google-perftools"
| #define PACKAGE_VERSION "0.91"
| #define PACKAGE_STRING "google-perftools 0.91"
| #define PACKAGE_BUGREPORT "opensource@google.com"
| #define PACKAGE "google-perftools"
| #define VERSION "0.91"
| #ifdef __cplusplus
| extern "C" void std::exit (int) throw (); using std::exit;
| #endif
| #define STDC_HEADERS 1
| #define HAVE_SYS_TYPES_H 1
| #define HAVE_SYS_STAT_H 1
| #define HAVE_STDLIB_H 1
| #define HAVE_STRING_H 1
| #define HAVE_MEMORY_H 1
| #define HAVE_STRINGS_H 1
| #define HAVE_INTTYPES_H 1
| #define HAVE_STDINT_H 1
| #define HAVE_UNISTD_H 1
| #define HAVE_DLFCN_H 1
| #define HAVE___ATTRIBUTE__ 1
| #define STDC_HEADERS 1
| #define HAVE_STRUCT_MALLINFO 1
| #define HAVE_SBRK 1
| #define HAVE_MUNMAP 1
| #define HAVE_STDLIB_H 1
| #define HAVE_UNISTD_H 1
| #define HAVE_GETPAGESIZE 1
| #define HAVE_MMAP 1
| #define HAVE_EXECINFO_H 1
| #define HAVE_UNWIND_H 1
| #define HAVE_LINUX_PTRACE_H 1
| #define HAVE_SYSCALL_H 1
| #define HAVE_GRP_H 1
| #define HAVE_PWD_H 1
| #define HAVE_STRUCT_UCONTEXT_UC_MCONTEXT 1
| #define HAVE_STRUCT_SIGCONTEXT_EIP 1
| #define PRIuS "zu"
| #define PRIxS "zx"
| #define PRIdS "zd"
| #define HAVE_TLS 1
| #define HAVE_DECL_UNAME 1
| #define HAVE_PTHREAD 1
| #define HAVE_NAMESPACES 1
| #define STL_NAMESPACE std
| /* end confdefs.h.  */
| #include <hash_map>
| int
| main ()
| {
| std::hash_map<int, int> t; return 0;
|   ;
|   return 0;
| }
configure:23107: g++ -c -g -O2  conftest.cc >&5
conftest.cc:50:20: error: hash_map: No such file or directory
conftest.cc: In function 'int main()':
conftest.cc:54: error: 'stdext' has not been declared
conftest.cc:54: error: 'hash_map' was not declared in this scope
conftest.cc:54: error: expected primary-expression before 'int'
conftest.cc:54: error: expected `;' before 'int'
configure:23113: $? = 1
configure: failed program was:
| /* confdefs.h.  */
| 
| #define PACKAGE_NAME "google-perftools"
| #define PACKAGE_TARNAME "google-perftools"
| #define PACKAGE_VERSION "0.91"
| #define PACKAGE_STRING "google-perftools 0.91"
| #define PACKAGE_BUGREPORT "opensource@google.com"
| #define PACKAGE "google-perftools"
| #define VERSION "0.91"
| #ifdef __cplusplus
| extern "C" void std::exit (int) throw (); using std::exit;
| #endif
| #define STDC_HEADERS 1
| #define HAVE_SYS_TYPES_H 1
| #define HAVE_SYS_STAT_H 1
| #define HAVE_STDLIB_H 1
| #define HAVE_STRING_H 1
| #define HAVE_MEMORY_H 1
| #define HAVE_STRINGS_H 1
| #define HAVE_INTTYPES_H 1
| #define HAVE_STDINT_H 1
| #define HAVE_UNISTD_H 1
| #define HAVE_DLFCN_H 1
| #define HAVE___ATTRIBUTE__ 1
| #define STDC_HEADERS 1
| #define HAVE_STRUCT_MALLINFO 1
| #define HAVE_SBRK 1
| #define HAVE_MUNMAP 1
| #define HAVE_STDLIB_H 1
| #define HAVE_UNISTD_H 1
| #define HAVE_GETPAGESIZE 1
| #define HAVE_MMAP 1
| #define HAVE_EXECINFO_H 1
| #define HAVE_UNWIND_H 1
| #define HAVE_LINUX_PTRACE_H 1
| #define HAVE_SYSCALL_H 1
| #define HAVE_GRP_H 1
| #define HAVE_PWD_H 1
| #define HAVE_STRUCT_UCONTEXT_UC_MCONTEXT 1
| #define HAVE_STRUCT_SIGCONTEXT_EIP 1
| #define PRIuS "zu"
| #define PRIxS "zx"
| #define PRIdS "zd"
| #define HAVE_TLS 1
| #define HAVE_DECL_UNAME 1
| #define HAVE_PTHREAD 1
| #define HAVE_NAMESPACES 1
| #define STL_NAMESPACE std
| /* end confdefs.h.  */
| #include <hash_map>
| int
| main ()
| {
| stdext::hash_map<int, int> t; return 0;
|   ;
|   return 0;
| }
configure:23142: result: ext_hash_map
configure:23217: checking writing an include-helper for hash_set
configure:23296: result: src/google/perftools/hash_set.h
configure:23301: checking for program_invocation_name
configure:23322: gcc -o conftest -g -O2   conftest.c  >&5
configure:23328: $? = 0
configure:23331: test -z 			 || test ! -s conftest.err
configure:23334: $? = 0
configure:23337: test -s conftest
configure:23340: $? = 0
configure:23353: result: yes
configure:23495: creating ./config.status

## ---------------------- ##
## Running config.status. ##
## ---------------------- ##

This file was extended by google-perftools config.status 0.91, which was
generated by GNU Autoconf 2.59.  Invocation command line was

  CONFIG_FILES    = 
  CONFIG_HEADERS  = 
  CONFIG_LINKS    = 
  CONFIG_COMMANDS = 
  $ ./config.status 

on stingray.cs.umass.edu

config.status:760: creating Makefile
config.status:826: creating src/config.h
config.status:1192: executing depfiles commands

## ---------------- ##
## Cache variables. ##
## ---------------- ##

ac_cv___attribute__=yes
ac_cv_build=i686-pc-linux-gnu
ac_cv_build_alias=i686-pc-linux-gnu
ac_cv_c_compiler_gnu=yes
ac_cv_c_inline=inline
ac_cv_cxx_compiler_gnu=yes
ac_cv_cxx_hash_map='<ext/hash_map>'
ac_cv_cxx_hash_namespace=__gnu_cxx
ac_cv_cxx_hash_set='<ext/hash_set>'
ac_cv_cxx_namespaces=yes
ac_cv_cxx_stl_hash=ext_hash_map
ac_cv_cxx_stl_namespace=std
ac_cv_env_CC_set=
ac_cv_env_CC_value=
ac_cv_env_CFLAGS_set=
ac_cv_env_CFLAGS_value=
ac_cv_env_CPPFLAGS_set=
ac_cv_env_CPPFLAGS_value=
ac_cv_env_CPP_set=
ac_cv_env_CPP_value=
ac_cv_env_CXXCPP_set=
ac_cv_env_CXXCPP_value=
ac_cv_env_CXXFLAGS_set=
ac_cv_env_CXXFLAGS_value=
ac_cv_env_CXX_set=
ac_cv_env_CXX_value=
ac_cv_env_F77_set=
ac_cv_env_F77_value=
ac_cv_env_FFLAGS_set=
ac_cv_env_FFLAGS_value=
ac_cv_env_LDFLAGS_set=
ac_cv_env_LDFLAGS_value=
ac_cv_env_build_alias_set=
ac_cv_env_build_alias_value=
ac_cv_env_host_alias_set=
ac_cv_env_host_alias_value=
ac_cv_env_target_alias_set=
ac_cv_env_target_alias_value=
ac_cv_exeext=
ac_cv_f77_compiler_gnu=yes
ac_cv_formatting_prius_prefix=z
ac_cv_func_getpagesize=yes
ac_cv_func_mmap_fixed_mapped=yes
ac_cv_func_munmap=yes
ac_cv_func_sbrk=yes
ac_cv_have_decl_uname=yes
ac_cv_have_program_invocation_name=yes
ac_cv_header_conflict_signal_h=no
ac_cv_header_dlfcn_h=yes
ac_cv_header_execinfo_h=yes
ac_cv_header_grp_h=yes
ac_cv_header_inttypes_h=yes
ac_cv_header_libunwind_h=no
ac_cv_header_linux_ptrace_h=yes
ac_cv_header_memory_h=yes
ac_cv_header_pwd_h=yes
ac_cv_header_stdc=yes
ac_cv_header_stdint_h=yes
ac_cv_header_stdlib_h=yes
ac_cv_header_string_h=yes
ac_cv_header_strings_h=yes
ac_cv_header_sys_stat_h=yes
ac_cv_header_sys_types_h=yes
ac_cv_header_syscall_h=yes
ac_cv_header_unistd_h=yes
ac_cv_header_unwind_h=yes
ac_cv_host=i686-pc-linux-gnu
ac_cv_host_alias=i686-pc-linux-gnu
ac_cv_install_prefix=/usr/local
ac_cv_lib_unwind_backtrace=no
ac_cv_member_struct_sigcontext_eip=yes
ac_cv_member_struct_sigcontext_regs__nip=no
ac_cv_member_struct_sigcontext_rip=no
ac_cv_member_struct_sigcontext_sc_eip=no
ac_cv_member_struct_sigcontext_sc_ip=no
ac_cv_member_struct_siginfo_si_faddr=no
ac_cv_member_struct_ucontext_uc_mcontext=yes
ac_cv_objext=o
ac_cv_path_install='/usr/bin/install -c'
ac_cv_prius_defined=1
ac_cv_prog_AWK=gawk
ac_cv_prog_CPP='gcc -E'
ac_cv_prog_CXXCPP='g++ -E'
ac_cv_prog_PTHREAD_CC=gcc
ac_cv_prog_ac_ct_AR=ar
ac_cv_prog_ac_ct_CC=gcc
ac_cv_prog_ac_ct_CXX=g++
ac_cv_prog_ac_ct_F77=g77
ac_cv_prog_ac_ct_RANLIB=ranlib
ac_cv_prog_ac_ct_STRIP=strip
ac_cv_prog_cc_g=yes
ac_cv_prog_cc_stdc=
ac_cv_prog_cxx_g=yes
ac_cv_prog_egrep='grep -E'
ac_cv_prog_f77_g=yes
ac_cv_prog_make_make_set=yes
ac_cv_type___int64=no
ac_cv_type_struct_mallinfo=yes
am_cv_CC_dependencies_compiler_type=gcc3
am_cv_CXX_dependencies_compiler_type=gcc3
lt_cv_deplibs_check_method=pass_all
lt_cv_file_magic_cmd='$MAGIC_CMD'
lt_cv_file_magic_test_file=
lt_cv_ld_reload_flag=-r
lt_cv_objdir=.libs
lt_cv_path_LD=/usr/bin/ld
lt_cv_path_LDCXX=/usr/bin/ld
lt_cv_path_NM='/usr/bin/nm -B'
lt_cv_path_SED=/bin/sed
lt_cv_prog_compiler_c_o=yes
lt_cv_prog_compiler_c_o_CXX=yes
lt_cv_prog_compiler_c_o_F77=yes
lt_cv_prog_compiler_rtti_exceptions=no
lt_cv_prog_gnu_ld=yes
lt_cv_prog_gnu_ldcxx=yes
lt_cv_sys_global_symbol_pipe='sed -n -e '\''s/^.*[ 	]\([ABCDGIRSTW][ABCDGIRSTW]*\)[ 	][ 	]*\([_A-Za-z][_A-Za-z0-9]*\)$/\1 \2 \2/p'\'''
lt_cv_sys_global_symbol_to_c_name_address='sed -n -e '\''s/^: \([^ ]*\) $/  {\"\1\", (lt_ptr) 0},/p'\'' -e '\''s/^[BCDEGRST] \([^ ]*\) \([^ ]*\)$/  {"\2", (lt_ptr) \&\2},/p'\'''
lt_cv_sys_global_symbol_to_cdecl='sed -n -e '\''s/^. .* \(.*\)$/extern int \1;/p'\'''
lt_cv_sys_max_cmd_len=32768
lt_lt_cv_prog_compiler_c_o='"yes"'
lt_lt_cv_prog_compiler_c_o_CXX='"yes"'
lt_lt_cv_prog_compiler_c_o_F77='"yes"'
lt_lt_cv_sys_global_symbol_pipe='"sed -n -e '\''s/^.*[ 	]\\([ABCDGIRSTW][ABCDGIRSTW]*\\)[ 	][ 	]*\\([_A-Za-z][_A-Za-z0-9]*\\)\$/\\1 \\2 \\2/p'\''"'
lt_lt_cv_sys_global_symbol_to_c_name_address='"sed -n -e '\''s/^: \\([^ ]*\\) \$/  {\\\"\\1\\\", (lt_ptr) 0},/p'\'' -e '\''s/^[BCDEGRST] \\([^ ]*\\) \\([^ ]*\\)\$/  {\"\\2\", (lt_ptr) \\&\\2},/p'\''"'
lt_lt_cv_sys_global_symbol_to_cdecl='"sed -n -e '\''s/^. .* \\(.*\\)\$/extern int \\1;/p'\''"'

## ----------------- ##
## Output variables. ##
## ----------------- ##

ACLOCAL='${SHELL} /nfs/sting/users2/emery/tmp/google-perftools-0.91/missing --run aclocal-1.9'
AMDEPBACKSLASH='\'
AMDEP_FALSE='#'
AMDEP_TRUE=''
AMTAR='${SHELL} /nfs/sting/users2/emery/tmp/google-perftools-0.91/missing --run tar'
AR='ar'
AUTOCONF='${SHELL} /nfs/sting/users2/emery/tmp/google-perftools-0.91/missing --run autoconf'
AUTOHEADER='${SHELL} /nfs/sting/users2/emery/tmp/google-perftools-0.91/missing --run autoheader'
AUTOMAKE='${SHELL} /nfs/sting/users2/emery/tmp/google-perftools-0.91/missing --run automake-1.9'
AWK='gawk'
CC='gcc'
CCDEPMODE='depmode=gcc3'
CFLAGS='-g -O2'
CPP='gcc -E'
CPPFLAGS=''
CXX='g++'
CXXCPP='g++ -E'
CXXDEPMODE='depmode=gcc3'
CXXFLAGS='-g -O2'
CYGPATH_W='echo'
DEFS='-DHAVE_CONFIG_H'
DEPDIR='.deps'
ECHO='echo'
ECHO_C=''
ECHO_N='-n'
ECHO_T=''
EGREP='grep -E'
EXEEXT=''
EXTRA_CXXFLAGS=''
F77='g77'
FFLAGS='-g -O2'
INSTALL_DATA='${INSTALL} -m 644'
INSTALL_PROGRAM='${INSTALL}'
INSTALL_SCRIPT='${INSTALL}'
INSTALL_STRIP_PROGRAM='${SHELL} $(install_sh) -c -s'
LDFLAGS=''
LIBOBJS=''
LIBS=''
LIBTOOL='$(SHELL) $(top_builddir)/libtool'
LIBTOOL_DEPS='./ltmain.sh'
LN_S='ln -s'
LTLIBOBJS=''
MAKEINFO='${SHELL} /nfs/sting/users2/emery/tmp/google-perftools-0.91/missing --run makeinfo'
OBJEXT='o'
PACKAGE='google-perftools'
PACKAGE_BUGREPORT='opensource@google.com'
PACKAGE_NAME='google-perftools'
PACKAGE_STRING='google-perftools 0.91'
PACKAGE_TARNAME='google-perftools'
PACKAGE_VERSION='0.91'
PATH_SEPARATOR=':'
PTHREAD_CC='gcc'
PTHREAD_CFLAGS='-pthread'
PTHREAD_LIBS=''
RANLIB='ranlib'
SET_MAKE=''
SHELL='/bin/sh'
STRIP='strip'
UNWIND_LIBS=''
VERSION='0.91'
ac_ct_AR='ar'
ac_ct_CC='gcc'
ac_ct_CXX='g++'
ac_ct_F77='g77'
ac_ct_RANLIB='ranlib'
ac_ct_STRIP='strip'
acx_pthread_config=''
am__fastdepCC_FALSE='#'
am__fastdepCC_TRUE=''
am__fastdepCXX_FALSE='#'
am__fastdepCXX_TRUE=''
am__include='include'
am__leading_dot='.'
am__quote=''
am__tar='${AMTAR} chof - "$$tardir"'
am__untar='${AMTAR} xf -'
bindir='${exec_prefix}/bin'
build='i686-pc-linux-gnu'
build_alias=''
build_cpu='i686'
build_os='linux-gnu'
build_vendor='pc'
datadir='${prefix}/share'
exec_prefix='${prefix}'
host='i686-pc-linux-gnu'
host_alias=''
host_cpu='i686'
host_os='linux-gnu'
host_vendor='pc'
includedir='${prefix}/include'
infodir='${prefix}/info'
install_sh='/nfs/sting/users2/emery/tmp/google-perftools-0.91/install-sh'
libdir='${exec_prefix}/lib'
libexecdir='${exec_prefix}/libexec'
localstatedir='${prefix}/var'
mandir='${prefix}/man'
mkdir_p='mkdir -p --'
oldincludedir='/usr/include'
prefix='/usr/local'
program_transform_name='s,x,x,'
sbindir='${exec_prefix}/sbin'
sharedstatedir='${prefix}/com'
sysconfdir='${prefix}/etc'
target_alias=''

## ----------- ##
## confdefs.h. ##
## ----------- ##

#define HASH_NAMESPACE __gnu_cxx
#define HAVE_DECL_UNAME 1
#define HAVE_DLFCN_H 1
#define HAVE_EXECINFO_H 1
#define HAVE_EXT_HASH_MAP 1
#define HAVE_EXT_HASH_SET 1
#define HAVE_GETPAGESIZE 1
#define HAVE_GRP_H 1
#define HAVE_INTTYPES_H 1
#define HAVE_LINUX_PTRACE_H 1
#define HAVE_MEMORY_H 1
#define HAVE_MMAP 1
#define HAVE_MUNMAP 1
#define HAVE_NAMESPACES 1
#define HAVE_PROGRAM_INVOCATION_NAME 1
#define HAVE_PTHREAD 1
#define HAVE_PWD_H 1
#define HAVE_SBRK 1
#define HAVE_STDINT_H 1
#define HAVE_STDLIB_H 1
#define HAVE_STDLIB_H 1
#define HAVE_STRINGS_H 1
#define HAVE_STRING_H 1
#define HAVE_STRUCT_MALLINFO 1
#define HAVE_STRUCT_SIGCONTEXT_EIP 1
#define HAVE_STRUCT_UCONTEXT_UC_MCONTEXT 1
#define HAVE_SYSCALL_H 1
#define HAVE_SYS_STAT_H 1
#define HAVE_SYS_TYPES_H 1
#define HAVE_TLS 1
#define HAVE_UNISTD_H 1
#define HAVE_UNISTD_H 1
#define HAVE_UNWIND_H 1
#define HAVE___ATTRIBUTE__ 1
#define INSTALL_PREFIX "/usr/local"
#define PACKAGE "google-perftools"
#define PACKAGE_BUGREPORT "opensource@google.com"
#define PACKAGE_NAME "google-perftools"
#define PACKAGE_STRING "google-perftools 0.91"
#define PACKAGE_TARNAME "google-perftools"
#define PACKAGE_VERSION "0.91"
#define PRIdS "zd"
#define PRIuS "zu"
#define PRIxS "zx"
#define STDC_HEADERS 1
#define STDC_HEADERS 1
#define STL_NAMESPACE std
#define VERSION "0.91"
#endif
#ifdef __cplusplus
extern "C" void std::exit (int) throw (); using std::exit;

configure: exit 0
